2025-10-17 14:02:56,240 INFO: SFM 2025-01-08 Hammer checked - FOUND
2025-10-17 14:02:56,241 INFO: SFM 2025-01-08 Hammer checked - FOUND
2025-10-17 14:02:56,241 INFO: SFM 2025-01-15 Hammer checked - FOUND
2025-10-17 14:02:56,241 INFO: SFM 2025-01-15 Hammer checked - FOUND
2025-10-17 14:02:56,242 INFO: SFM 2025-01-21 Bullish Engulfing checked - FOUND
2025-10-17 14:02:56,242 INFO: SFM 2025-01-24 Hammer checked - FOUND
2025-10-17 14:02:56,242 INFO: SFM 2025-01-24 Hammer checked - FOUND
2025-10-17 14:02:56,242 INFO: SFM 2025-01-31 Bullish Engulfing checked - FOUND
2025-10-17 14:02:56,243 INFO: SFM 2025-02-12 Bullish Engulfing checked - FOUND
2025-10-17 14:02:56,244 INFO: SFM 2025-02-25 Hammer checked - FOUND
2025-10-17 14:02:56,244 INFO: SFM 2025-02-25 Hammer checked - FOUND
2025-10-17 14:02:56,248 INFO: ABNB 2023-07-06 Hammer checked - FOUND
2025-10-17 14:02:56,248 INFO: ABNB 2023-07-06 Hammer checked - FOUND
2025-10-17 14:02:56,249 INFO: ABNB 2023-08-07 Hammer checked - FOUND
2025-10-17 14:02:56,249 INFO: ABNB 2023-08-07 Hammer checked - FOUND
2025-10-17 14:02:56,249 INFO: ABNB 2023-08-08 Hammer checked - FOUND
2025-10-17 14:02:56,249 INFO: ABNB 2023-08-08 Hammer checked - FOUND
2025-10-17 14:02:56,249 INFO: ABNB 2023-08-11 Hammer checked - FOUND
2025-10-17 14:02:56,249 INFO: ABNB 2023-08-11 Hammer checked - FOUND
2025-10-17 14:02:56,250 INFO: ABNB 2023-08-14 Hammer checked - FOUND
2025-10-17 14:02:56,250 INFO: ABNB 2023-08-14 Hammer checked - FOUND
2025-10-17 14:02:56,251 INFO: ABNB 2023-10-05 Hammer checked - FOUND
2025-10-17 14:02:56,251 INFO: ABNB 2023-10-05 Hammer checked - FOUND
2025-10-17 14:02:56,254 INFO: ABNB 2024-02-06 Hammer checked - FOUND
2025-10-17 14:02:56,254 INFO: ABNB 2024-02-06 Hammer checked - FOUND
2025-10-17 14:02:56,255 INFO: ABNB 2024-03-14 Hammer checked - FOUND
2025-10-17 14:02:56,255 INFO: ABNB 2024-03-14 Hammer checked - FOUND
2025-10-17 14:02:56,256 INFO: ABNB 2024-05-02 Hammer checked - FOUND
2025-10-17 14:02:56,256 INFO: ABNB 2024-05-02 Hammer checked - FOUND
2025-10-17 14:02:56,257 INFO: ABNB 2024-05-20 Hammer checked - FOUND
2025-10-17 14:02:56,257 INFO: ABNB 2024-05-20 Hammer checked - FOUND
2025-10-17 14:02:56,257 INFO: ABNB 2024-05-31 Hammer checked - FOUND
2025-10-17 14:02:56,257 INFO: ABNB 2024-05-31 Hammer checked - FOUND
2025-10-17 14:02:56,258 INFO: ABNB 2024-06-14 Hammer checked - FOUND
2025-10-17 14:02:56,258 INFO: ABNB 2024-06-14 Hammer checked - FOUND
2025-10-17 14:02:56,258 INFO: ABNB 2024-07-01 Hammer checked - FOUND
2025-10-17 14:02:56,258 INFO: ABNB 2024-07-01 Hammer checked - FOUND
2025-10-17 14:02:56,259 INFO: ABNB 2024-07-25 Hammer checked - FOUND
2025-10-17 14:02:56,259 INFO: ABNB 2024-07-25 Hammer checked - FOUND
2025-10-17 14:02:56,259 INFO: ABNB 2024-08-15 Hammer checked - FOUND
2025-10-17 14:02:56,259 INFO: ABNB 2024-08-15 Hammer checked - FOUND
2025-10-17 14:02:56,260 INFO: ABNB 2024-08-21 Hammer checked - FOUND
2025-10-17 14:02:56,260 INFO: ABNB 2024-08-21 Hammer checked - FOUND
2025-10-17 14:02:56,260 INFO: ABNB 2024-09-11 Hammer checked - FOUND
2025-10-17 14:02:56,260 INFO: ABNB 2024-09-11 Hammer checked - FOUND
2025-10-17 14:02:56,260 INFO: ABNB 2024-09-16 Hammer checked - FOUND
2025-10-17 14:02:56,260 INFO: ABNB 2024-09-16 Hammer checked - FOUND
2025-10-17 14:02:56,261 INFO: ABNB 2024-10-18 Hammer checked - FOUND
2025-10-17 14:02:56,261 INFO: ABNB 2024-10-18 Hammer checked - FOUND
2025-10-17 14:02:56,263 INFO: ABNB 2024-12-24 Hammer checked - FOUND
2025-10-17 14:02:56,263 INFO: ABNB 2024-12-24 Hammer checked - FOUND
2025-10-17 14:02:56,264 INFO: ABNB 2025-02-05 Hammer checked - FOUND
2025-10-17 14:02:56,264 INFO: ABNB 2025-02-05 Hammer checked - FOUND
2025-10-17 14:02:56,265 INFO: ABNB 2025-03-05 Hammer checked - FOUND
2025-10-17 14:02:56,265 INFO: ABNB 2025-03-05 Hammer checked - FOUND
2025-10-17 14:02:56,265 INFO: ABNB 2025-03-07 Hammer checked - FOUND
2025-10-17 14:02:56,265 INFO: ABNB 2025-03-07 Hammer checked - FOUND
2025-10-17 14:02:56,266 INFO: ABNB 2025-03-31 Hammer checked - FOUND
2025-10-17 14:02:56,266 INFO: ABNB 2025-03-31 Hammer checked - FOUND
2025-10-17 14:02:56,266 INFO: ABNB 2025-04-30 Hammer checked - FOUND
2025-10-17 14:02:56,266 INFO: ABNB 2025-04-30 Hammer checked - FOUND
2025-10-17 14:02:56,268 INFO: ABNB 2025-06-23 Hammer checked - FOUND
2025-10-17 14:02:56,268 INFO: ABNB 2025-06-23 Hammer checked - FOUND
2025-10-17 14:02:56,268 INFO: ABNB 2025-06-27 Hammer checked - FOUND
2025-10-17 14:02:56,268 INFO: ABNB 2025-06-27 Hammer checked - FOUND
2025-10-17 14:02:56,268 INFO: ABNB 2025-07-16 Hammer checked - FOUND
2025-10-17 14:02:56,269 INFO: ABNB 2025-07-16 Hammer checked - FOUND
2025-10-17 14:02:56,269 INFO: ABNB 2025-07-22 Hammer checked - FOUND
2025-10-17 14:02:56,269 INFO: ABNB 2025-07-22 Hammer checked - FOUND
2025-10-17 14:02:56,270 INFO: ABNB 2025-08-28 Hammer checked - FOUND
2025-10-17 14:02:56,270 INFO: ABNB 2025-08-28 Hammer checked - FOUND
2025-10-17 14:02:56,270 INFO: ABNB 2025-09-04 Hammer checked - FOUND
2025-10-17 14:02:56,270 INFO: ABNB 2025-09-04 Hammer checked - FOUND
2025-10-17 14:02:56,274 INFO: SFM 2023-07-24 Hammer checked - FOUND
2025-10-17 14:02:56,274 INFO: SFM 2023-07-24 Hammer checked - FOUND
2025-10-17 14:02:56,275 INFO: SFM 2023-08-22 Hammer checked - FOUND
2025-10-17 14:02:56,275 INFO: SFM 2023-08-22 Hammer checked - FOUND
2025-10-17 14:02:56,275 INFO: SFM 2023-09-11 Hammer checked - FOUND
2025-10-17 14:02:56,275 INFO: SFM 2023-09-11 Hammer checked - FOUND
2025-10-17 14:02:56,275 INFO: SFM 2023-09-15 Hammer checked - FOUND
2025-10-17 14:02:56,276 INFO: SFM 2023-09-15 Hammer checked - FOUND
2025-10-17 14:02:56,277 INFO: SFM 2023-10-31 Hammer checked - FOUND
2025-10-17 14:02:56,277 INFO: SFM 2023-10-31 Hammer checked - FOUND
2025-10-17 14:02:56,277 INFO: SFM 2023-11-10 Hammer checked - FOUND
2025-10-17 14:02:56,277 INFO: SFM 2023-11-10 Hammer checked - FOUND
2025-10-17 14:02:56,278 INFO: SFM 2024-01-11 Hammer checked - FOUND
2025-10-17 14:02:56,278 INFO: SFM 2024-01-11 Hammer checked - FOUND
2025-10-17 14:02:56,279 INFO: SFM 2024-01-19 Hammer checked - FOUND
2025-10-17 14:02:56,279 INFO: SFM 2024-01-19 Hammer checked - FOUND
2025-10-17 14:02:56,280 INFO: SFM 2024-03-08 Hammer checked - FOUND
2025-10-17 14:02:56,280 INFO: SFM 2024-03-08 Hammer checked - FOUND
2025-10-17 14:02:56,280 INFO: SFM 2024-03-27 Hammer checked - FOUND
2025-10-17 14:02:56,281 INFO: SFM 2024-03-27 Hammer checked - FOUND
2025-10-17 14:02:56,281 INFO: SFM 2024-04-11 Hammer checked - FOUND
2025-10-17 14:02:56,281 INFO: SFM 2024-04-11 Hammer checked - FOUND
2025-10-17 14:02:56,282 INFO: SFM 2024-06-10 Hammer checked - FOUND
2025-10-17 14:02:56,282 INFO: SFM 2024-06-10 Hammer checked - FOUND
2025-10-17 14:02:56,284 INFO: SFM 2024-08-09 Hammer checked - FOUND
2025-10-17 14:02:56,284 INFO: SFM 2024-08-09 Hammer checked - FOUND
2025-10-17 14:02:56,285 INFO: SFM 2024-10-07 Hammer checked - FOUND
2025-10-17 14:02:56,285 INFO: SFM 2024-10-07 Hammer checked - FOUND
2025-10-17 14:02:56,286 INFO: SFM 2024-10-10 Hammer checked - FOUND
2025-10-17 14:02:56,286 INFO: SFM 2024-10-10 Hammer checked - FOUND
2025-10-17 14:02:56,286 INFO: SFM 2024-10-29 Hammer checked - FOUND
2025-10-17 14:02:56,286 INFO: SFM 2024-10-29 Hammer checked - FOUND
2025-10-17 14:02:56,287 INFO: SFM 2024-11-20 Hammer checked - FOUND
2025-10-17 14:02:56,287 INFO: SFM 2024-11-20 Hammer checked - FOUND
2025-10-17 14:02:56,288 INFO: SFM 2025-01-08 Hammer checked - FOUND
2025-10-17 14:02:56,288 INFO: SFM 2025-01-08 Hammer checked - FOUND
2025-10-17 14:02:56,288 INFO: SFM 2025-01-15 Hammer checked - FOUND
2025-10-17 14:02:56,288 INFO: SFM 2025-01-15 Hammer checked - FOUND
2025-10-17 14:02:56,288 INFO: SFM 2025-01-24 Hammer checked - FOUND
2025-10-17 14:02:56,288 INFO: SFM 2025-01-24 Hammer checked - FOUND
2025-10-17 14:02:56,289 INFO: SFM 2025-02-25 Hammer checked - FOUND
2025-10-17 14:02:56,289 INFO: SFM 2025-02-25 Hammer checked - FOUND
2025-10-17 14:02:56,290 INFO: SFM 2025-03-28 Hammer checked - FOUND
2025-10-17 14:02:56,290 INFO: SFM 2025-03-28 Hammer checked - FOUND
2025-10-17 14:02:56,291 INFO: SFM 2025-04-25 Hammer checked - FOUND
2025-10-17 14:02:56,291 INFO: SFM 2025-04-25 Hammer checked - FOUND
2025-10-17 14:02:56,291 INFO: SFM 2025-05-05 Hammer checked - FOUND
2025-10-17 14:02:56,291 INFO: SFM 2025-05-05 Hammer checked - FOUND
2025-10-17 14:02:56,291 INFO: SFM 2025-05-29 Hammer checked - FOUND
2025-10-17 14:02:56,292 INFO: SFM 2025-05-29 Hammer checked - FOUND
2025-10-17 14:02:56,292 INFO: SFM 2025-06-06 Hammer checked - FOUND
2025-10-17 14:02:56,292 INFO: SFM 2025-06-06 Hammer checked - FOUND
2025-10-17 14:02:56,293 INFO: SFM 2025-08-13 Hammer checked - FOUND
2025-10-17 14:02:56,293 INFO: SFM 2025-08-13 Hammer checked - FOUND
2025-10-17 14:02:56,294 INFO: SFM 2025-09-03 Hammer checked - FOUND
2025-10-17 14:02:56,294 INFO: SFM 2025-09-03 Hammer checked - FOUND
2025-10-17 14:02:56,294 INFO: SFM 2025-09-23 Hammer checked - FOUND
2025-10-17 14:02:56,294 INFO: SFM 2025-09-23 Hammer checked - FOUND
2025-10-17 14:02:56,297 INFO: ^GSPC 2023-07-06 Hammer checked - FOUND
2025-10-17 14:02:56,298 INFO: ^GSPC 2023-07-06 Hammer checked - FOUND
2025-10-17 14:02:56,299 INFO: ^GSPC 2023-08-25 Hammer checked - FOUND
2025-10-17 14:02:56,299 INFO: ^GSPC 2023-08-25 Hammer checked - FOUND
2025-10-17 14:02:56,299 INFO: ^GSPC 2023-09-11 Hammer checked - FOUND
2025-10-17 14:02:56,299 INFO: ^GSPC 2023-09-11 Hammer checked - FOUND
2025-10-17 14:02:56,300 INFO: ^GSPC 2023-10-11 Hammer checked - FOUND
2025-10-17 14:02:56,300 INFO: ^GSPC 2023-10-11 Hammer checked - FOUND
2025-10-17 14:02:56,302 INFO: ^GSPC 2023-12-04 Hammer checked - FOUND
2025-10-17 14:02:56,302 INFO: ^GSPC 2023-12-04 Hammer checked - FOUND
2025-10-17 14:02:56,302 INFO: ^GSPC 2024-01-11 Hammer checked - FOUND
2025-10-17 14:02:56,303 INFO: ^GSPC 2024-01-11 Hammer checked - FOUND
2025-10-17 14:02:56,303 INFO: ^GSPC 2024-01-25 Hammer checked - FOUND
2025-10-17 14:02:56,303 INFO: ^GSPC 2024-01-25 Hammer checked - FOUND
2025-10-17 14:02:56,303 INFO: ^GSPC 2024-02-06 Hammer checked - FOUND
2025-10-17 14:02:56,303 INFO: ^GSPC 2024-02-06 Hammer checked - FOUND
2025-10-17 14:02:56,303 INFO: ^GSPC 2024-02-08 Hammer checked - FOUND
2025-10-17 14:02:56,303 INFO: ^GSPC 2024-02-08 Hammer checked - FOUND
2025-10-17 14:02:56,303 INFO: ^GSPC 2024-02-13 Hammer checked - FOUND
2025-10-17 14:02:56,304 INFO: ^GSPC 2024-02-13 Hammer checked - FOUND
2025-10-17 14:02:56,304 INFO: ^GSPC 2024-02-27 Hammer checked - FOUND
2025-10-17 14:02:56,304 INFO: ^GSPC 2024-02-27 Hammer checked - FOUND
2025-10-17 14:02:56,304 INFO: ^GSPC 2024-02-29 Hammer checked - FOUND
2025-10-17 14:02:56,304 INFO: ^GSPC 2024-02-29 Hammer checked - FOUND
2025-10-17 14:02:56,306 INFO: ^GSPC 2024-05-02 Hammer checked - FOUND
2025-10-17 14:02:56,306 INFO: ^GSPC 2024-05-02 Hammer checked - FOUND
2025-10-17 14:02:56,306 INFO: ^GSPC 2024-05-28 Hammer checked - FOUND
2025-10-17 14:02:56,306 INFO: ^GSPC 2024-05-28 Hammer checked - FOUND
2025-10-17 14:02:56,306 INFO: ^GSPC 2024-06-03 Hammer checked - FOUND
2025-10-17 14:02:56,306 INFO: ^GSPC 2024-06-03 Hammer checked - FOUND
2025-10-17 14:02:56,307 INFO: ^GSPC 2024-06-06 Hammer checked - FOUND
2025-10-17 14:02:56,307 INFO: ^GSPC 2024-06-06 Hammer checked - FOUND
2025-10-17 14:02:56,307 INFO: ^GSPC 2024-06-13 Hammer checked - FOUND
2025-10-17 14:02:56,307 INFO: ^GSPC 2024-06-13 Hammer checked - FOUND
2025-10-17 14:02:56,307 INFO: ^GSPC 2024-06-14 Hammer checked - FOUND
2025-10-17 14:02:56,307 INFO: ^GSPC 2024-06-14 Hammer checked - FOUND
2025-10-17 14:02:56,308 INFO: ^GSPC 2024-08-14 Hammer checked - FOUND
2025-10-17 14:02:56,308 INFO: ^GSPC 2024-08-14 Hammer checked - FOUND
2025-10-17 14:02:56,309 INFO: ^GSPC 2024-09-10 Hammer checked - FOUND
2025-10-17 14:02:56,309 INFO: ^GSPC 2024-09-10 Hammer checked - FOUND
2025-10-17 14:02:56,309 INFO: ^GSPC 2024-09-20 Hammer checked - FOUND
2025-10-17 14:02:56,309 INFO: ^GSPC 2024-09-20 Hammer checked - FOUND
2025-10-17 14:02:56,309 INFO: ^GSPC 2024-09-24 Hammer checked - FOUND
2025-10-17 14:02:56,310 INFO: ^GSPC 2024-09-24 Hammer checked - FOUND
2025-10-17 14:02:56,310 INFO: ^GSPC 2024-10-02 Hammer checked - FOUND
2025-10-17 14:02:56,310 INFO: ^GSPC 2024-10-02 Hammer checked - FOUND
2025-10-17 14:02:56,310 INFO: ^GSPC 2024-10-04 Hammer checked - FOUND
2025-10-17 14:02:56,310 INFO: ^GSPC 2024-10-04 Hammer checked - FOUND
2025-10-17 14:02:56,310 INFO: ^GSPC 2024-10-24 Hammer checked - FOUND
2025-10-17 14:02:56,310 INFO: ^GSPC 2024-10-24 Hammer checked - FOUND
2025-10-17 14:02:56,312 INFO: ^GSPC 2025-01-14 Hammer checked - FOUND
2025-10-17 14:02:56,312 INFO: ^GSPC 2025-01-14 Hammer checked - FOUND
2025-10-17 14:02:56,313 INFO: ^GSPC 2025-02-06 Hammer checked - FOUND
2025-10-17 14:02:56,313 INFO: ^GSPC 2025-02-06 Hammer checked - FOUND
2025-10-17 14:02:56,313 INFO: ^GSPC 2025-02-18 Hammer checked - FOUND
2025-10-17 14:02:56,313 INFO: ^GSPC 2025-02-18 Hammer checked - FOUND
2025-10-17 14:02:56,314 INFO: ^GSPC 2025-03-12 Hammer checked - FOUND
2025-10-17 14:02:56,314 INFO: ^GSPC 2025-03-12 Hammer checked - FOUND
2025-10-17 14:02:56,317 INFO: ^GSPC 2025-07-16 Hammer checked - FOUND
2025-10-17 14:02:56,317 INFO: ^GSPC 2025-07-16 Hammer checked - FOUND
2025-10-17 14:02:56,318 INFO: ^GSPC 2025-08-20 Hammer checked - FOUND
2025-10-17 14:02:56,318 INFO: ^GSPC 2025-08-20 Hammer checked - FOUND
2025-10-17 14:02:56,318 INFO: ^GSPC 2025-09-02 Hammer checked - FOUND
2025-10-17 14:02:56,318 INFO: ^GSPC 2025-09-02 Hammer checked - FOUND
2025-10-17 14:02:56,319 INFO: ^GSPC 2025-09-09 Hammer checked - FOUND
2025-10-17 14:02:56,319 INFO: ^GSPC 2025-09-09 Hammer checked - FOUND
2025-10-17 14:05:49,709 INFO: start_candles_analysis called
2025-10-17 14:05:49,733 INFO: SFM 2023-07-05 Bullish Engulfing checked - FOUND
2025-10-17 14:05:49,739 INFO: SFM 2023-07-24 Hammer checked - FOUND
2025-10-17 14:05:49,740 INFO: SFM 2023-07-24 Hammer checked - FOUND
2025-10-17 14:05:49,740 INFO: SFM 2023-07-31 Piercing Pattern checked - FOUND
2025-10-17 14:05:49,751 INFO: SFM 2023-08-22 Hammer checked - FOUND
2025-10-17 14:05:49,752 INFO: SFM 2023-08-22 Hammer checked - FOUND
2025-10-17 14:05:49,753 INFO: SFM 2023-08-31 Bullish Engulfing checked - FOUND
2025-10-17 14:05:49,759 INFO: SFM 2023-09-08 Bullish Engulfing checked - FOUND
2025-10-17 14:05:49,759 INFO: SFM 2023-09-11 Hammer checked - FOUND
2025-10-17 14:05:49,759 INFO: SFM 2023-09-11 Hammer checked - FOUND
2025-10-17 14:05:49,759 INFO: SFM 2023-09-15 Hammer checked - FOUND
2025-10-17 14:05:49,760 INFO: SFM 2023-09-15 Hammer checked - FOUND
2025-10-17 14:05:49,767 INFO: SFM 2023-10-09 Piercing Pattern checked - FOUND
2025-10-17 14:05:49,773 INFO: SFM 2023-10-23 Bullish Engulfing checked - FOUND
2025-10-17 14:05:49,778 INFO: SFM 2023-10-31 Hammer checked - FOUND
2025-10-17 14:05:49,778 INFO: SFM 2023-10-31 Hammer checked - FOUND
2025-10-17 14:05:49,779 INFO: SFM 2023-11-10 Hammer checked - FOUND
2025-10-17 14:05:49,785 INFO: SFM 2023-11-10 Hammer checked - FOUND
2025-10-17 14:05:49,786 INFO: SFM 2023-11-20 Bullish Engulfing checked - FOUND
2025-10-17 14:05:49,796 INFO: SFM 2023-12-06 Bullish Engulfing checked - FOUND
2025-10-17 14:05:49,797 INFO: SFM 2023-12-13 Bullish Engulfing checked - FOUND
2025-10-17 14:05:49,810 INFO: SFM 2024-01-11 Hammer checked - FOUND
2025-10-17 14:05:49,810 INFO: SFM 2024-01-11 Hammer checked - FOUND
2025-10-17 14:05:49,811 INFO: SFM 2024-01-19 Hammer checked - FOUND
2025-10-17 14:05:49,816 INFO: SFM 2024-01-19 Hammer checked - FOUND
2025-10-17 14:05:49,824 INFO: SFM 2024-02-22 Bullish Engulfing checked - FOUND
2025-10-17 14:05:49,831 INFO: SFM 2024-03-08 Hammer checked - FOUND
2025-10-17 14:05:49,831 INFO: SFM 2024-03-08 Hammer checked - FOUND
2025-10-17 14:05:49,837 INFO: SFM 2024-03-15 Bullish Engulfing checked - FOUND
2025-10-17 14:05:49,838 INFO: SFM 2024-03-22 Bullish Engulfing checked - FOUND
2025-10-17 14:05:49,843 INFO: SFM 2024-03-27 Hammer checked - FOUND
2025-10-17 14:05:49,843 INFO: SFM 2024-03-27 Hammer checked - FOUND
2025-10-17 14:05:49,845 INFO: SFM 2024-04-10 Bullish Engulfing checked - FOUND
2025-10-17 14:05:49,845 INFO: SFM 2024-04-11 Hammer checked - FOUND
2025-10-17 14:05:49,845 INFO: SFM 2024-04-11 Hammer checked - FOUND
2025-10-17 14:05:49,863 INFO: SFM 2024-05-22 Piercing Pattern checked - FOUND
2025-10-17 14:05:49,870 INFO: SFM 2024-06-10 Hammer checked - FOUND
2025-10-17 14:05:49,870 INFO: SFM 2024-06-10 Hammer checked - FOUND
2025-10-17 14:05:49,894 INFO: SFM 2024-08-09 Hammer checked - FOUND
2025-10-17 14:05:49,894 INFO: SFM 2024-08-09 Hammer checked - FOUND
2025-10-17 14:05:49,901 INFO: SFM 2024-08-29 Bullish Engulfing checked - FOUND
2025-10-17 14:05:49,913 INFO: SFM 2024-10-07 Hammer checked - FOUND
2025-10-17 14:05:49,914 INFO: SFM 2024-10-07 Hammer checked - FOUND
2025-10-17 14:05:49,914 INFO: SFM 2024-10-10 Hammer checked - FOUND
2025-10-17 14:05:49,914 INFO: SFM 2024-10-10 Hammer checked - FOUND
2025-10-17 14:05:49,924 INFO: SFM 2024-10-29 Hammer checked - FOUND
2025-10-17 14:05:49,925 INFO: SFM 2024-10-29 Hammer checked - FOUND
2025-10-17 14:05:49,931 INFO: SFM 2024-11-19 Bullish Engulfing checked - FOUND
2025-10-17 14:05:49,931 INFO: SFM 2024-11-20 Hammer checked - FOUND
2025-10-17 14:05:49,931 INFO: SFM 2024-11-20 Hammer checked - FOUND
2025-10-17 14:05:49,937 INFO: SFM 2024-12-04 Bullish Engulfing checked - FOUND
2025-10-17 14:05:49,943 INFO: SFM 2024-12-24 Bullish Engulfing checked - FOUND
2025-10-17 14:05:49,949 INFO: SFM 2025-01-08 Hammer checked - FOUND
2025-10-17 14:05:49,949 INFO: SFM 2025-01-08 Hammer checked - FOUND
2025-10-17 14:05:49,950 INFO: SFM 2025-01-15 Hammer checked - FOUND
2025-10-17 14:05:49,950 INFO: SFM 2025-01-15 Hammer checked - FOUND
2025-10-17 14:05:49,950 INFO: SFM 2025-01-16 Piercing Pattern checked - FOUND
2025-10-17 14:05:49,950 INFO: SFM 2025-01-21 Bullish Engulfing checked - FOUND
2025-10-17 14:05:49,955 INFO: SFM 2025-01-24 Hammer checked - FOUND
2025-10-17 14:05:49,955 INFO: SFM 2025-01-24 Hammer checked - FOUND
2025-10-17 14:05:49,956 INFO: SFM 2025-01-31 Bullish Engulfing checked - FOUND
2025-10-17 14:05:49,961 INFO: SFM 2025-02-12 Bullish Engulfing checked - FOUND
2025-10-17 14:05:49,962 INFO: SFM 2025-02-19 Piercing Pattern checked - FOUND
2025-10-17 14:05:49,963 INFO: SFM 2025-02-25 Hammer checked - FOUND
2025-10-17 14:05:49,963 INFO: SFM 2025-02-25 Hammer checked - FOUND
2025-10-17 14:05:49,970 INFO: SFM 2025-02-28 Piercing Pattern checked - FOUND
2025-10-17 14:05:49,971 INFO: SFM 2025-03-11 Bullish Engulfing checked - FOUND
2025-10-17 14:05:49,977 INFO: SFM 2025-03-19 Bullish Engulfing checked - FOUND
2025-10-17 14:05:49,978 INFO: SFM 2025-03-28 Hammer checked - FOUND
2025-10-17 14:05:49,978 INFO: SFM 2025-03-28 Hammer checked - FOUND
2025-10-17 14:05:49,978 INFO: SFM 2025-03-31 Bullish Engulfing checked - FOUND
2025-10-17 14:05:49,987 INFO: SFM 2025-04-09 Piercing Pattern checked - FOUND
2025-10-17 14:05:49,993 INFO: SFM 2025-04-24 Piercing Pattern checked - FOUND
2025-10-17 14:05:49,993 INFO: SFM 2025-04-25 Hammer checked - FOUND
2025-10-17 14:05:49,993 INFO: SFM 2025-04-25 Hammer checked - FOUND
2025-10-17 14:05:50,000 INFO: SFM 2025-05-05 Hammer checked - FOUND
2025-10-17 14:05:50,001 INFO: SFM 2025-05-05 Hammer checked - FOUND
2025-10-17 14:05:50,002 INFO: SFM 2025-05-15 Bullish Engulfing checked - FOUND
2025-10-17 14:05:50,007 INFO: SFM 2025-05-23 Piercing Pattern checked - FOUND
2025-10-17 14:05:50,008 INFO: SFM 2025-05-29 Hammer checked - FOUND
2025-10-17 14:05:50,008 INFO: SFM 2025-05-29 Hammer checked - FOUND
2025-10-17 14:05:50,013 INFO: SFM 2025-06-06 Hammer checked - FOUND
2025-10-17 14:05:50,013 INFO: SFM 2025-06-06 Hammer checked - FOUND
2025-10-17 14:05:50,040 INFO: SFM 2025-08-13 Hammer checked - FOUND
2025-10-17 14:05:50,040 INFO: SFM 2025-08-13 Hammer checked - FOUND
2025-10-17 14:05:50,046 INFO: SFM 2025-09-03 Hammer checked - FOUND
2025-10-17 14:05:50,046 INFO: SFM 2025-09-03 Hammer checked - FOUND
2025-10-17 14:05:50,053 INFO: SFM 2025-09-23 Hammer checked - FOUND
2025-10-17 14:05:50,054 INFO: SFM 2025-09-23 Hammer checked - FOUND
2025-10-17 14:05:50,063 INFO: Analyysi valmis: SFM - Analyysitulokset (2025-10-17 14:05:50) — tickerille SFM | Bullish Engulfing: 22 kpl | Hammer: 29 kpl | Piercing Pattern: 9 kpl |  | Löydetyt tapahtumat (yhden rivin CSV: ticker,päivä,kuvio): | SFM,2023-07-05,Bullish Engulfing | SFM,2023-07-24,Hammer | SFM,2023-07-31,Piercing Pattern | SFM,2023-08-22,Hammer | SFM,2023-08-31,Bullish Engulfing | SFM,2023-09-08,Bullish Engulfing | SFM,2023-09-11,Hammer | SFM,2023-09-15,Hammer | SFM,2023-10-09,Piercing Pattern | SFM,2023-10-23,Bullish Engulfing | SFM,2023-10-31,Hammer | SFM,2023-11-10,Hammer | SFM,2023-11-20,Bullish Engulfing | SFM,2023-12-06,Bullish Engulfing | SFM,2023-12-13,Bullish Engulfing | SFM,2024-01-11,Hammer | SFM,2024-01-19,Hammer | SFM,2024-02-22,Bullish Engulfing | SFM,2024-03-08,Hammer | SFM,2024-03-15,Bullish Engulfing | SFM,2024-03-22,Bullish Engulfing | SFM,2024-03-27,Hammer | SFM,2024-04-10,Bullish Engulfing | SFM,2024-04-11,Hammer | SFM,2024-05-22,Piercing Pattern | SFM,2024-06-10,Hammer | SFM,2024-08-09,Hammer | SFM,2024-08-29,Bullish Engulfing | SFM,2024-10-07,Hammer | SFM,2024-10-10,Hammer | SFM,2024-10-29,Hammer | SFM,2024-11-19,Bullish Engulfing | SFM,2024-11-20,Hammer | SFM,2024-12-04,Bullish Engulfing | SFM,2024-12-24,Bullish Engulfing | SFM,2025-01-08,Hammer | SFM,2025-01-15,Hammer | SFM,2025-01-16,Piercing Pattern | SFM,2025-01-21,Bullish Engulfing | SFM,2025-01-24,Hammer | SFM,2025-01-31,Bullish Engulfing | SFM,2025-02-12,Bullish Engulfing | SFM,2025-02-19,Piercing Pattern | SFM,2025-02-25,Hammer | SFM,2025-02-28,Piercing Pattern | SFM,2025-03-11,Bullish Engulfing | SFM,2025-03-19,Bullish Engulfing | SFM,2025-03-28,Hammer | SFM,2025-03-31,Bullish Engulfing | SFM,2025-04-09,Piercing Pattern | SFM,2025-04-24,Piercing Pattern | SFM,2025-04-25,Hammer | SFM,2025-05-05,Hammer | SFM,2025-05-15,Bullish Engulfing | SFM,2025-05-23,Piercing Pattern | SFM,2025-05-29,Hammer | SFM,2025-06-06,Hammer | SFM,2025-08-13,Hammer | SFM,2025-09-03,Hammer | SFM,2025-09-23,Hammer
2025-10-17 14:05:50,063 INFO: Analysis CSV written: /home/kalle/projects/rawcandle/analysis/analysis_results_20251017_140550.csv
2025-10-17 14:06:52,467 INFO: start_candles_analysis called
2025-10-17 14:06:52,496 INFO: SFM 2023-07-05 Bullish Engulfing checked - FOUND
2025-10-17 14:06:52,504 INFO: SFM 2023-07-24 Hammer checked - FOUND
2025-10-17 14:06:52,504 INFO: SFM 2023-07-24 Hammer checked - FOUND
2025-10-17 14:06:52,505 INFO: SFM 2023-07-31 Piercing Pattern checked - FOUND
2025-10-17 14:06:52,516 INFO: SFM 2023-08-22 Hammer checked - FOUND
2025-10-17 14:06:52,516 INFO: SFM 2023-08-22 Hammer checked - FOUND
2025-10-17 14:06:52,517 INFO: SFM 2023-08-31 Bullish Engulfing checked - FOUND
2025-10-17 14:06:52,522 INFO: SFM 2023-09-08 Bullish Engulfing checked - FOUND
2025-10-17 14:06:52,522 INFO: SFM 2023-09-11 Hammer checked - FOUND
2025-10-17 14:06:52,522 INFO: SFM 2023-09-11 Hammer checked - FOUND
2025-10-17 14:06:52,523 INFO: SFM 2023-09-15 Hammer checked - FOUND
2025-10-17 14:06:52,523 INFO: SFM 2023-09-15 Hammer checked - FOUND
2025-10-17 14:06:52,530 INFO: SFM 2023-10-09 Piercing Pattern checked - FOUND
2025-10-17 14:06:52,536 INFO: SFM 2023-10-23 Bullish Engulfing checked - FOUND
2025-10-17 14:06:52,541 INFO: SFM 2023-10-31 Hammer checked - FOUND
2025-10-17 14:06:52,541 INFO: SFM 2023-10-31 Hammer checked - FOUND
2025-10-17 14:06:52,543 INFO: SFM 2023-11-10 Hammer checked - FOUND
2025-10-17 14:06:52,547 INFO: SFM 2023-11-10 Hammer checked - FOUND
2025-10-17 14:06:52,548 INFO: SFM 2023-11-20 Bullish Engulfing checked - FOUND
2025-10-17 14:06:52,554 INFO: SFM 2023-12-06 Bullish Engulfing checked - FOUND
2025-10-17 14:06:52,555 INFO: SFM 2023-12-13 Bullish Engulfing checked - FOUND
2025-10-17 14:06:52,567 INFO: SFM 2024-01-11 Hammer checked - FOUND
2025-10-17 14:06:52,567 INFO: SFM 2024-01-11 Hammer checked - FOUND
2025-10-17 14:06:52,568 INFO: SFM 2024-01-19 Hammer checked - FOUND
2025-10-17 14:06:52,572 INFO: SFM 2024-01-19 Hammer checked - FOUND
2025-10-17 14:06:52,581 INFO: SFM 2024-02-22 Bullish Engulfing checked - FOUND
2025-10-17 14:06:52,587 INFO: SFM 2024-03-08 Hammer checked - FOUND
2025-10-17 14:06:52,587 INFO: SFM 2024-03-08 Hammer checked - FOUND
2025-10-17 14:06:52,592 INFO: SFM 2024-03-15 Bullish Engulfing checked - FOUND
2025-10-17 14:06:52,593 INFO: SFM 2024-03-22 Bullish Engulfing checked - FOUND
2025-10-17 14:06:52,599 INFO: SFM 2024-03-27 Hammer checked - FOUND
2025-10-17 14:06:52,599 INFO: SFM 2024-03-27 Hammer checked - FOUND
2025-10-17 14:06:52,600 INFO: SFM 2024-04-10 Bullish Engulfing checked - FOUND
2025-10-17 14:06:52,600 INFO: SFM 2024-04-11 Hammer checked - FOUND
2025-10-17 14:06:52,600 INFO: SFM 2024-04-11 Hammer checked - FOUND
2025-10-17 14:06:52,619 INFO: SFM 2024-05-22 Piercing Pattern checked - FOUND
2025-10-17 14:06:52,625 INFO: SFM 2024-06-10 Hammer checked - FOUND
2025-10-17 14:06:52,625 INFO: SFM 2024-06-10 Hammer checked - FOUND
2025-10-17 14:06:52,651 INFO: SFM 2024-08-09 Hammer checked - FOUND
2025-10-17 14:06:52,652 INFO: SFM 2024-08-09 Hammer checked - FOUND
2025-10-17 14:06:52,658 INFO: SFM 2024-08-29 Bullish Engulfing checked - FOUND
2025-10-17 14:06:52,671 INFO: SFM 2024-10-07 Hammer checked - FOUND
2025-10-17 14:06:52,671 INFO: SFM 2024-10-07 Hammer checked - FOUND
2025-10-17 14:06:52,672 INFO: SFM 2024-10-10 Hammer checked - FOUND
2025-10-17 14:06:52,672 INFO: SFM 2024-10-10 Hammer checked - FOUND
2025-10-17 14:06:52,683 INFO: SFM 2024-10-29 Hammer checked - FOUND
2025-10-17 14:06:52,683 INFO: SFM 2024-10-29 Hammer checked - FOUND
2025-10-17 14:06:52,690 INFO: SFM 2024-11-19 Bullish Engulfing checked - FOUND
2025-10-17 14:06:52,690 INFO: SFM 2024-11-20 Hammer checked - FOUND
2025-10-17 14:06:52,690 INFO: SFM 2024-11-20 Hammer checked - FOUND
2025-10-17 14:06:52,697 INFO: SFM 2024-12-04 Bullish Engulfing checked - FOUND
2025-10-17 14:06:52,703 INFO: SFM 2024-12-24 Bullish Engulfing checked - FOUND
2025-10-17 14:06:52,709 INFO: SFM 2025-01-08 Hammer checked - FOUND
2025-10-17 14:06:52,709 INFO: SFM 2025-01-08 Hammer checked - FOUND
2025-10-17 14:06:52,710 INFO: SFM 2025-01-15 Hammer checked - FOUND
2025-10-17 14:06:52,710 INFO: SFM 2025-01-15 Hammer checked - FOUND
2025-10-17 14:06:52,710 INFO: SFM 2025-01-16 Piercing Pattern checked - FOUND
2025-10-17 14:06:52,710 INFO: SFM 2025-01-21 Bullish Engulfing checked - FOUND
2025-10-17 14:06:52,715 INFO: SFM 2025-01-24 Hammer checked - FOUND
2025-10-17 14:06:52,716 INFO: SFM 2025-01-24 Hammer checked - FOUND
2025-10-17 14:06:52,716 INFO: SFM 2025-01-31 Bullish Engulfing checked - FOUND
2025-10-17 14:06:52,722 INFO: SFM 2025-02-12 Bullish Engulfing checked - FOUND
2025-10-17 14:06:52,723 INFO: SFM 2025-02-19 Piercing Pattern checked - FOUND
2025-10-17 14:06:52,723 INFO: SFM 2025-02-25 Hammer checked - FOUND
2025-10-17 14:06:52,723 INFO: SFM 2025-02-25 Hammer checked - FOUND
2025-10-17 14:06:52,728 INFO: SFM 2025-02-28 Piercing Pattern checked - FOUND
2025-10-17 14:06:52,730 INFO: SFM 2025-03-11 Bullish Engulfing checked - FOUND
2025-10-17 14:06:52,735 INFO: SFM 2025-03-19 Bullish Engulfing checked - FOUND
2025-10-17 14:06:52,736 INFO: SFM 2025-03-28 Hammer checked - FOUND
2025-10-17 14:06:52,737 INFO: SFM 2025-03-28 Hammer checked - FOUND
2025-10-17 14:06:52,737 INFO: SFM 2025-03-31 Bullish Engulfing checked - FOUND
2025-10-17 14:06:52,742 INFO: SFM 2025-04-09 Piercing Pattern checked - FOUND
2025-10-17 14:06:52,748 INFO: SFM 2025-04-24 Piercing Pattern checked - FOUND
2025-10-17 14:06:52,748 INFO: SFM 2025-04-25 Hammer checked - FOUND
2025-10-17 14:06:52,749 INFO: SFM 2025-04-25 Hammer checked - FOUND
2025-10-17 14:06:52,754 INFO: SFM 2025-05-05 Hammer checked - FOUND
2025-10-17 14:06:52,754 INFO: SFM 2025-05-05 Hammer checked - FOUND
2025-10-17 14:06:52,755 INFO: SFM 2025-05-15 Bullish Engulfing checked - FOUND
2025-10-17 14:06:52,760 INFO: SFM 2025-05-23 Piercing Pattern checked - FOUND
2025-10-17 14:06:52,761 INFO: SFM 2025-05-29 Hammer checked - FOUND
2025-10-17 14:06:52,761 INFO: SFM 2025-05-29 Hammer checked - FOUND
2025-10-17 14:06:52,767 INFO: SFM 2025-06-06 Hammer checked - FOUND
2025-10-17 14:06:52,767 INFO: SFM 2025-06-06 Hammer checked - FOUND
2025-10-17 14:06:52,791 INFO: SFM 2025-08-13 Hammer checked - FOUND
2025-10-17 14:06:52,792 INFO: SFM 2025-08-13 Hammer checked - FOUND
2025-10-17 14:06:52,798 INFO: SFM 2025-09-03 Hammer checked - FOUND
2025-10-17 14:06:52,799 INFO: SFM 2025-09-03 Hammer checked - FOUND
2025-10-17 14:06:52,806 INFO: SFM 2025-09-23 Hammer checked - FOUND
2025-10-17 14:06:52,806 INFO: SFM 2025-09-23 Hammer checked - FOUND
2025-10-17 14:06:52,823 INFO: Analyysi valmis: SFM - Analyysitulokset (2025-10-17 14:06:52) — tickerille SFM | Bullish Engulfing: 22 kpl | Hammer: 29 kpl | Piercing Pattern: 9 kpl |  | Löydetyt tapahtumat (yhden rivin CSV: ticker,päivä,kuvio): | SFM,2023-07-05,Bullish Engulfing | SFM,2023-07-24,Hammer | SFM,2023-07-31,Piercing Pattern | SFM,2023-08-22,Hammer | SFM,2023-08-31,Bullish Engulfing | SFM,2023-09-08,Bullish Engulfing | SFM,2023-09-11,Hammer | SFM,2023-09-15,Hammer | SFM,2023-10-09,Piercing Pattern | SFM,2023-10-23,Bullish Engulfing | SFM,2023-10-31,Hammer | SFM,2023-11-10,Hammer | SFM,2023-11-20,Bullish Engulfing | SFM,2023-12-06,Bullish Engulfing | SFM,2023-12-13,Bullish Engulfing | SFM,2024-01-11,Hammer | SFM,2024-01-19,Hammer | SFM,2024-02-22,Bullish Engulfing | SFM,2024-03-08,Hammer | SFM,2024-03-15,Bullish Engulfing | SFM,2024-03-22,Bullish Engulfing | SFM,2024-03-27,Hammer | SFM,2024-04-10,Bullish Engulfing | SFM,2024-04-11,Hammer | SFM,2024-05-22,Piercing Pattern | SFM,2024-06-10,Hammer | SFM,2024-08-09,Hammer | SFM,2024-08-29,Bullish Engulfing | SFM,2024-10-07,Hammer | SFM,2024-10-10,Hammer | SFM,2024-10-29,Hammer | SFM,2024-11-19,Bullish Engulfing | SFM,2024-11-20,Hammer | SFM,2024-12-04,Bullish Engulfing | SFM,2024-12-24,Bullish Engulfing | SFM,2025-01-08,Hammer | SFM,2025-01-15,Hammer | SFM,2025-01-16,Piercing Pattern | SFM,2025-01-21,Bullish Engulfing | SFM,2025-01-24,Hammer | SFM,2025-01-31,Bullish Engulfing | SFM,2025-02-12,Bullish Engulfing | SFM,2025-02-19,Piercing Pattern | SFM,2025-02-25,Hammer | SFM,2025-02-28,Piercing Pattern | SFM,2025-03-11,Bullish Engulfing | SFM,2025-03-19,Bullish Engulfing | SFM,2025-03-28,Hammer | SFM,2025-03-31,Bullish Engulfing | SFM,2025-04-09,Piercing Pattern | SFM,2025-04-24,Piercing Pattern | SFM,2025-04-25,Hammer | SFM,2025-05-05,Hammer | SFM,2025-05-15,Bullish Engulfing | SFM,2025-05-23,Piercing Pattern | SFM,2025-05-29,Hammer | SFM,2025-06-06,Hammer | SFM,2025-08-13,Hammer | SFM,2025-09-03,Hammer | SFM,2025-09-23,Hammer
2025-10-17 14:06:52,823 INFO: Analysis CSV written: /home/kalle/projects/rawcandle/analysis/analysis_results_20251017_140652.csv
2025-10-17 14:07:00,220 INFO: start_candles_analysis called
2025-10-17 14:07:00,243 INFO: SFM 2023-07-24 Hammer checked - FOUND
2025-10-17 14:07:00,244 INFO: SFM 2023-07-24 Hammer checked - FOUND
2025-10-17 14:07:00,254 INFO: SFM 2023-08-22 Hammer checked - FOUND
2025-10-17 14:07:00,254 INFO: SFM 2023-08-22 Hammer checked - FOUND
2025-10-17 14:07:00,259 INFO: SFM 2023-09-11 Hammer checked - FOUND
2025-10-17 14:07:00,259 INFO: SFM 2023-09-11 Hammer checked - FOUND
2025-10-17 14:07:00,260 INFO: SFM 2023-09-15 Hammer checked - FOUND
2025-10-17 14:07:00,260 INFO: SFM 2023-09-15 Hammer checked - FOUND
2025-10-17 14:07:00,273 INFO: SFM 2023-10-31 Hammer checked - FOUND
2025-10-17 14:07:00,273 INFO: SFM 2023-10-31 Hammer checked - FOUND
2025-10-17 14:07:00,274 INFO: SFM 2023-11-10 Hammer checked - FOUND
2025-10-17 14:07:00,278 INFO: SFM 2023-11-10 Hammer checked - FOUND
2025-10-17 14:07:00,294 INFO: SFM 2024-01-11 Hammer checked - FOUND
2025-10-17 14:07:00,294 INFO: SFM 2024-01-11 Hammer checked - FOUND
2025-10-17 14:07:00,295 INFO: SFM 2024-01-19 Hammer checked - FOUND
2025-10-17 14:07:00,299 INFO: SFM 2024-01-19 Hammer checked - FOUND
2025-10-17 14:07:00,310 INFO: SFM 2024-03-08 Hammer checked - FOUND
2025-10-17 14:07:00,310 INFO: SFM 2024-03-08 Hammer checked - FOUND
2025-10-17 14:07:00,319 INFO: SFM 2024-03-27 Hammer checked - FOUND
2025-10-17 14:07:00,319 INFO: SFM 2024-03-27 Hammer checked - FOUND
2025-10-17 14:07:00,319 INFO: SFM 2024-04-11 Hammer checked - FOUND
2025-10-17 14:07:00,319 INFO: SFM 2024-04-11 Hammer checked - FOUND
2025-10-17 14:07:00,338 INFO: SFM 2024-06-10 Hammer checked - FOUND
2025-10-17 14:07:00,338 INFO: SFM 2024-06-10 Hammer checked - FOUND
2025-10-17 14:07:00,358 INFO: SFM 2024-08-09 Hammer checked - FOUND
2025-10-17 14:07:00,359 INFO: SFM 2024-08-09 Hammer checked - FOUND
2025-10-17 14:07:00,374 INFO: SFM 2024-10-07 Hammer checked - FOUND
2025-10-17 14:07:00,374 INFO: SFM 2024-10-07 Hammer checked - FOUND
2025-10-17 14:07:00,374 INFO: SFM 2024-10-10 Hammer checked - FOUND
2025-10-17 14:07:00,374 INFO: SFM 2024-10-10 Hammer checked - FOUND
2025-10-17 14:07:00,384 INFO: SFM 2024-10-29 Hammer checked - FOUND
2025-10-17 14:07:00,384 INFO: SFM 2024-10-29 Hammer checked - FOUND
2025-10-17 14:07:00,389 INFO: SFM 2024-11-20 Hammer checked - FOUND
2025-10-17 14:07:00,389 INFO: SFM 2024-11-20 Hammer checked - FOUND
2025-10-17 14:07:00,403 INFO: SFM 2025-01-08 Hammer checked - FOUND
2025-10-17 14:07:00,404 INFO: SFM 2025-01-08 Hammer checked - FOUND
2025-10-17 14:07:00,404 INFO: SFM 2025-01-15 Hammer checked - FOUND
2025-10-17 14:07:00,404 INFO: SFM 2025-01-15 Hammer checked - FOUND
2025-10-17 14:07:00,408 INFO: SFM 2025-01-24 Hammer checked - FOUND
2025-10-17 14:07:00,409 INFO: SFM 2025-01-24 Hammer checked - FOUND
2025-10-17 14:07:00,414 INFO: SFM 2025-02-25 Hammer checked - FOUND
2025-10-17 14:07:00,414 INFO: SFM 2025-02-25 Hammer checked - FOUND
2025-10-17 14:07:00,423 INFO: SFM 2025-03-28 Hammer checked - FOUND
2025-10-17 14:07:00,423 INFO: SFM 2025-03-28 Hammer checked - FOUND
2025-10-17 14:07:00,436 INFO: SFM 2025-04-25 Hammer checked - FOUND
2025-10-17 14:07:00,436 INFO: SFM 2025-04-25 Hammer checked - FOUND
2025-10-17 14:07:00,441 INFO: SFM 2025-05-05 Hammer checked - FOUND
2025-10-17 14:07:00,441 INFO: SFM 2025-05-05 Hammer checked - FOUND
2025-10-17 14:07:00,446 INFO: SFM 2025-05-29 Hammer checked - FOUND
2025-10-17 14:07:00,446 INFO: SFM 2025-05-29 Hammer checked - FOUND
2025-10-17 14:07:00,451 INFO: SFM 2025-06-06 Hammer checked - FOUND
2025-10-17 14:07:00,451 INFO: SFM 2025-06-06 Hammer checked - FOUND
2025-10-17 14:07:00,469 INFO: SFM 2025-08-13 Hammer checked - FOUND
2025-10-17 14:07:00,469 INFO: SFM 2025-08-13 Hammer checked - FOUND
2025-10-17 14:07:00,474 INFO: SFM 2025-09-03 Hammer checked - FOUND
2025-10-17 14:07:00,474 INFO: SFM 2025-09-03 Hammer checked - FOUND
2025-10-17 14:07:00,479 INFO: SFM 2025-09-23 Hammer checked - FOUND
2025-10-17 14:07:00,479 INFO: SFM 2025-09-23 Hammer checked - FOUND
2025-10-17 14:07:00,488 INFO: Analyysi valmis: SFM - Analyysitulokset (2025-10-17 14:07:00) — tickerille SFM | Hammer: 29 kpl |  | Löydetyt tapahtumat (yhden rivin CSV: ticker,päivä,kuvio): | SFM,2023-07-24,Hammer | SFM,2023-08-22,Hammer | SFM,2023-09-11,Hammer | SFM,2023-09-15,Hammer | SFM,2023-10-31,Hammer | SFM,2023-11-10,Hammer | SFM,2024-01-11,Hammer | SFM,2024-01-19,Hammer | SFM,2024-03-08,Hammer | SFM,2024-03-27,Hammer | SFM,2024-04-11,Hammer | SFM,2024-06-10,Hammer | SFM,2024-08-09,Hammer | SFM,2024-10-07,Hammer | SFM,2024-10-10,Hammer | SFM,2024-10-29,Hammer | SFM,2024-11-20,Hammer | SFM,2025-01-08,Hammer | SFM,2025-01-15,Hammer | SFM,2025-01-24,Hammer | SFM,2025-02-25,Hammer | SFM,2025-03-28,Hammer | SFM,2025-04-25,Hammer | SFM,2025-05-05,Hammer | SFM,2025-05-29,Hammer | SFM,2025-06-06,Hammer | SFM,2025-08-13,Hammer | SFM,2025-09-03,Hammer | SFM,2025-09-23,Hammer
2025-10-17 14:07:00,489 INFO: Analysis CSV written: /home/kalle/projects/rawcandle/analysis/analysis_results_20251017_140700.csv
2025-10-17 14:24:04,737 INFO: start_candles_analysis called
2025-10-17 14:24:04,763 INFO: Analyysi valmis: COHR - Analyysi 2025-10-17 14:24:04 — Ei yhtään valittua kynttiläkuviota löytynyt tickerille COHR.
2025-10-17 14:24:04,763 INFO: Analysis CSV written: /home/kalle/projects/rawcandle/analysis/analysis_results_20251017_142404.csv
2025-10-17 14:24:16,487 INFO: start_candles_analysis called
2025-10-17 14:24:16,509 INFO: Analyysi valmis: XXX - Analyysi 2025-10-17 14:24:16 — Ei yhtään valittua kynttiläkuviota löytynyt tickerille XXX.
2025-10-17 14:24:16,509 INFO: Analysis CSV written: /home/kalle/projects/rawcandle/analysis/analysis_results_20251017_142416.csv
2025-10-17 14:24:50,820 INFO: start_candles_analysis called
2025-10-17 14:25:01,288 INFO: start_candles_analysis called
2025-10-17 14:25:01,312 INFO: Analyysi valmis: COHR - Analyysi 2025-10-17 14:25:01 — Ei yhtään valittua kynttiläkuviota löytynyt tickerille COHR.
2025-10-17 14:25:01,312 INFO: Analysis CSV written: /home/kalle/projects/rawcandle/analysis/analysis_results_20251017_142501.csv
2025-10-17 14:25:56,507 INFO: start_candles_analysis called
2025-10-17 14:25:56,544 INFO: SFM 2023-07-05 Bullish Engulfing checked - FOUND
2025-10-17 14:25:56,556 INFO: SFM 2023-07-24 Hammer checked - FOUND
2025-10-17 14:25:56,556 INFO: SFM 2023-07-24 Hammer checked - FOUND
2025-10-17 14:25:56,558 INFO: SFM 2023-07-31 Piercing Pattern checked - FOUND
2025-10-17 14:25:56,579 INFO: SFM 2023-08-22 Hammer checked - FOUND
2025-10-17 14:25:56,580 INFO: SFM 2023-08-22 Hammer checked - FOUND
2025-10-17 14:25:56,583 INFO: SFM 2023-08-31 Bullish Engulfing checked - FOUND
2025-10-17 14:25:56,593 INFO: SFM 2023-09-08 Bullish Engulfing checked - FOUND
2025-10-17 14:25:56,593 INFO: SFM 2023-09-11 Hammer checked - FOUND
2025-10-17 14:25:56,594 INFO: SFM 2023-09-11 Hammer checked - FOUND
2025-10-17 14:25:56,595 INFO: SFM 2023-09-15 Hammer checked - FOUND
2025-10-17 14:25:56,596 INFO: SFM 2023-09-15 Hammer checked - FOUND
2025-10-17 14:25:56,611 INFO: SFM 2023-10-06 Dragonfly Doji checked - FOUND
2025-10-17 14:25:56,612 INFO: SFM 2023-10-06 Dragonfly Doji checked - FOUND
2025-10-17 14:25:56,612 INFO: SFM 2023-10-09 Piercing Pattern checked - FOUND
2025-10-17 14:25:56,624 INFO: SFM 2023-10-23 Bullish Engulfing checked - FOUND
2025-10-17 14:25:56,635 INFO: SFM 2023-10-31 Hammer checked - FOUND
2025-10-17 14:25:56,636 INFO: SFM 2023-10-31 Hammer checked - FOUND
2025-10-17 14:25:56,639 INFO: SFM 2023-11-10 Hammer checked - FOUND
2025-10-17 14:25:56,647 INFO: SFM 2023-11-10 Hammer checked - FOUND
2025-10-17 14:25:56,649 INFO: SFM 2023-11-20 Bullish Engulfing checked - FOUND
2025-10-17 14:25:56,661 INFO: SFM 2023-12-06 Bullish Engulfing checked - FOUND
2025-10-17 14:25:56,663 INFO: SFM 2023-12-11 Dragonfly Doji checked - FOUND
2025-10-17 14:25:56,663 INFO: SFM 2023-12-11 Morning Star checked - FOUND
2025-10-17 14:25:56,663 INFO: SFM 2023-12-11 Dragonfly Doji checked - FOUND
2025-10-17 14:25:56,663 INFO: SFM 2023-12-13 Bullish Engulfing checked - FOUND
2025-10-17 14:25:56,671 INFO: SFM 2023-12-15 Morning Star checked - FOUND
2025-10-17 14:25:56,683 INFO: SFM 2024-01-04 Morning Star checked - FOUND
2025-10-17 14:25:56,685 INFO: SFM 2024-01-11 Hammer checked - FOUND
2025-10-17 14:25:56,685 INFO: SFM 2024-01-11 Hammer checked - FOUND
2025-10-17 14:25:56,687 INFO: SFM 2024-01-19 Hammer checked - FOUND
2025-10-17 14:25:56,694 INFO: SFM 2024-01-19 Hammer checked - FOUND
2025-10-17 14:25:56,711 INFO: SFM 2024-02-22 Bullish Engulfing checked - FOUND
2025-10-17 14:25:56,723 INFO: SFM 2024-03-08 Hammer checked - FOUND
2025-10-17 14:25:56,724 INFO: SFM 2024-03-08 Hammer checked - FOUND
2025-10-17 14:25:56,733 INFO: SFM 2024-03-15 Bullish Engulfing checked - FOUND
2025-10-17 14:25:56,735 INFO: SFM 2024-03-22 Bullish Engulfing checked - FOUND
2025-10-17 14:25:56,744 INFO: SFM 2024-03-26 Morning Star checked - FOUND
2025-10-17 14:25:56,744 INFO: SFM 2024-03-27 Hammer checked - FOUND
2025-10-17 14:25:56,745 INFO: SFM 2024-03-27 Hammer checked - FOUND
2025-10-17 14:25:56,748 INFO: SFM 2024-04-10 Bullish Engulfing checked - FOUND
2025-10-17 14:25:56,749 INFO: SFM 2024-04-11 Hammer checked - FOUND
2025-10-17 14:25:56,749 INFO: SFM 2024-04-11 Hammer checked - FOUND
2025-10-17 14:25:56,759 INFO: SFM 2024-04-18 Morning Star checked - FOUND
2025-10-17 14:25:56,770 INFO: SFM 2024-05-02 Morning Star checked - FOUND
2025-10-17 14:25:56,783 INFO: SFM 2024-05-22 Piercing Pattern checked - FOUND
2025-10-17 14:25:56,795 INFO: SFM 2024-06-10 Hammer checked - FOUND
2025-10-17 14:25:56,795 INFO: SFM 2024-06-10 Hammer checked - FOUND
2025-10-17 14:25:56,808 INFO: SFM 2024-07-03 Dragonfly Doji checked - FOUND
2025-10-17 14:25:56,808 INFO: SFM 2024-07-03 Dragonfly Doji checked - FOUND
2025-10-17 14:25:56,843 INFO: SFM 2024-08-09 Hammer checked - FOUND
2025-10-17 14:25:56,843 INFO: SFM 2024-08-09 Hammer checked - FOUND
2025-10-17 14:25:56,856 INFO: SFM 2024-08-29 Bullish Engulfing checked - FOUND
2025-10-17 14:25:56,869 INFO: SFM 2024-09-19 Dragonfly Doji checked - FOUND
2025-10-17 14:25:56,869 INFO: SFM 2024-09-19 Dragonfly Doji checked - FOUND
2025-10-17 14:25:56,881 INFO: SFM 2024-10-07 Hammer checked - FOUND
2025-10-17 14:25:56,881 INFO: SFM 2024-10-07 Hammer checked - FOUND
2025-10-17 14:25:56,882 INFO: SFM 2024-10-10 Hammer checked - FOUND
2025-10-17 14:25:56,882 INFO: SFM 2024-10-10 Hammer checked - FOUND
2025-10-17 14:25:56,900 INFO: SFM 2024-10-29 Hammer checked - FOUND
2025-10-17 14:25:56,901 INFO: SFM 2024-10-29 Hammer checked - FOUND
2025-10-17 14:25:56,914 INFO: SFM 2024-11-19 Bullish Engulfing checked - FOUND
2025-10-17 14:25:56,914 INFO: SFM 2024-11-20 Hammer checked - FOUND
2025-10-17 14:25:56,914 INFO: SFM 2024-11-20 Hammer checked - FOUND
2025-10-17 14:25:56,927 INFO: SFM 2024-12-04 Bullish Engulfing checked - FOUND
2025-10-17 14:25:56,940 INFO: SFM 2024-12-24 Bullish Engulfing checked - FOUND
2025-10-17 14:25:56,951 INFO: SFM 2025-01-08 Hammer checked - FOUND
2025-10-17 14:25:56,951 INFO: SFM 2025-01-08 Hammer checked - FOUND
2025-10-17 14:25:56,951 INFO: SFM 2025-01-08 Morning Star checked - FOUND
2025-10-17 14:25:56,952 INFO: SFM 2025-01-15 Hammer checked - FOUND
2025-10-17 14:25:56,953 INFO: SFM 2025-01-15 Hammer checked - FOUND
2025-10-17 14:25:56,953 INFO: SFM 2025-01-16 Piercing Pattern checked - FOUND
2025-10-17 14:25:56,954 INFO: SFM 2025-01-21 Bullish Engulfing checked - FOUND
2025-10-17 14:25:56,962 INFO: SFM 2025-01-24 Hammer checked - FOUND
2025-10-17 14:25:56,962 INFO: SFM 2025-01-24 Hammer checked - FOUND
2025-10-17 14:25:56,965 INFO: SFM 2025-01-31 Bullish Engulfing checked - FOUND
2025-10-17 14:25:56,967 INFO: SFM 2025-02-06 Dragonfly Doji checked - FOUND
2025-10-17 14:25:56,967 INFO: SFM 2025-02-06 Dragonfly Doji checked - FOUND
2025-10-17 14:25:56,975 INFO: SFM 2025-02-12 Bullish Engulfing checked - FOUND
2025-10-17 14:25:56,977 INFO: SFM 2025-02-19 Piercing Pattern checked - FOUND
2025-10-17 14:25:56,979 INFO: SFM 2025-02-25 Hammer checked - FOUND
2025-10-17 14:25:56,979 INFO: SFM 2025-02-25 Hammer checked - FOUND
2025-10-17 14:25:56,987 INFO: SFM 2025-02-28 Piercing Pattern checked - FOUND
2025-10-17 14:25:56,989 INFO: SFM 2025-03-11 Bullish Engulfing checked - FOUND
2025-10-17 14:25:56,997 INFO: SFM 2025-03-14 Morning Star checked - FOUND
2025-10-17 14:25:56,998 INFO: SFM 2025-03-19 Bullish Engulfing checked - FOUND
2025-10-17 14:25:57,001 INFO: SFM 2025-03-28 Hammer checked - FOUND
2025-10-17 14:25:57,002 INFO: SFM 2025-03-28 Hammer checked - FOUND
2025-10-17 14:25:57,002 INFO: SFM 2025-03-31 Bullish Engulfing checked - FOUND
2025-10-17 14:25:57,011 INFO: SFM 2025-04-09 Piercing Pattern checked - FOUND
2025-10-17 14:25:57,021 INFO: SFM 2025-04-24 Piercing Pattern checked - FOUND
2025-10-17 14:25:57,022 INFO: SFM 2025-04-25 Hammer checked - FOUND
2025-10-17 14:25:57,022 INFO: SFM 2025-04-25 Hammer checked - FOUND
2025-10-17 14:25:57,031 INFO: SFM 2025-05-05 Hammer checked - FOUND
2025-10-17 14:25:57,031 INFO: SFM 2025-05-05 Hammer checked - FOUND
2025-10-17 14:25:57,034 INFO: SFM 2025-05-15 Bullish Engulfing checked - FOUND
2025-10-17 14:25:57,043 INFO: SFM 2025-05-23 Piercing Pattern checked - FOUND
2025-10-17 14:25:57,044 INFO: SFM 2025-05-29 Hammer checked - FOUND
2025-10-17 14:25:57,044 INFO: SFM 2025-05-29 Hammer checked - FOUND
2025-10-17 14:25:57,053 INFO: SFM 2025-06-06 Hammer checked - FOUND
2025-10-17 14:25:57,053 INFO: SFM 2025-06-06 Hammer checked - FOUND
2025-10-17 14:25:57,075 INFO: SFM 2025-07-11 Morning Star checked - FOUND
2025-10-17 14:25:57,079 INFO: SFM 2025-07-24 Morning Star checked - FOUND
2025-10-17 14:25:57,097 INFO: SFM 2025-08-13 Hammer checked - FOUND
2025-10-17 14:25:57,097 INFO: SFM 2025-08-13 Hammer checked - FOUND
2025-10-17 14:25:57,098 INFO: SFM 2025-08-15 Morning Star checked - FOUND
2025-10-17 14:25:57,110 INFO: SFM 2025-09-03 Hammer checked - FOUND
2025-10-17 14:25:57,110 INFO: SFM 2025-09-03 Hammer checked - FOUND
2025-10-17 14:25:57,123 INFO: SFM 2025-09-23 Hammer checked - FOUND
2025-10-17 14:25:57,123 INFO: SFM 2025-09-23 Hammer checked - FOUND
2025-10-17 14:25:57,141 INFO: Analyysi valmis: SFM - Analyysitulokset (2025-10-17 14:25:57) — tickerille SFM | Bullish Engulfing: 22 kpl | Hammer: 29 kpl | Piercing Pattern: 9 kpl | Dragonfly Doji: 5 kpl | Morning Star: 11 kpl |  | Löydetyt tapahtumat (yhden rivin CSV: ticker,päivä,kuvio): | SFM,2023-07-05,Bullish Engulfing | SFM,2023-07-24,Hammer | SFM,2023-07-31,Piercing Pattern | SFM,2023-08-22,Hammer | SFM,2023-08-31,Bullish Engulfing | SFM,2023-09-08,Bullish Engulfing | SFM,2023-09-11,Hammer | SFM,2023-09-15,Hammer | SFM,2023-10-06,Dragonfly Doji | SFM,2023-10-09,Piercing Pattern | SFM,2023-10-23,Bullish Engulfing | SFM,2023-10-31,Hammer | SFM,2023-11-10,Hammer | SFM,2023-11-20,Bullish Engulfing | SFM,2023-12-06,Bullish Engulfing | SFM,2023-12-11,Morning Star | SFM,2023-12-11,Dragonfly Doji | SFM,2023-12-13,Bullish Engulfing | SFM,2023-12-15,Morning Star | SFM,2024-01-04,Morning Star | SFM,2024-01-11,Hammer | SFM,2024-01-19,Hammer | SFM,2024-02-22,Bullish Engulfing | SFM,2024-03-08,Hammer | SFM,2024-03-15,Bullish Engulfing | SFM,2024-03-22,Bullish Engulfing | SFM,2024-03-26,Morning Star | SFM,2024-03-27,Hammer | SFM,2024-04-10,Bullish Engulfing | SFM,2024-04-11,Hammer | SFM,2024-04-18,Morning Star | SFM,2024-05-02,Morning Star | SFM,2024-05-22,Piercing Pattern | SFM,2024-06-10,Hammer | SFM,2024-07-03,Dragonfly Doji | SFM,2024-08-09,Hammer | SFM,2024-08-29,Bullish Engulfing | SFM,2024-09-19,Dragonfly Doji | SFM,2024-10-07,Hammer | SFM,2024-10-10,Hammer | SFM,2024-10-29,Hammer | SFM,2024-11-19,Bullish Engulfing | SFM,2024-11-20,Hammer | SFM,2024-12-04,Bullish Engulfing | SFM,2024-12-24,Bullish Engulfing | SFM,2025-01-08,Hammer | SFM,2025-01-08,Morning Star | SFM,2025-01-15,Hammer | SFM,2025-01-16,Piercing Pattern | SFM,2025-01-21,Bullish Engulfing | SFM,2025-01-24,Hammer | SFM,2025-01-31,Bullish Engulfing | SFM,2025-02-06,Dragonfly Doji | SFM,2025-02-12,Bullish Engulfing | SFM,2025-02-19,Piercing Pattern | SFM,2025-02-25,Hammer | SFM,2025-02-28,Piercing Pattern | SFM,2025-03-11,Bullish Engulfing | SFM,2025-03-14,Morning Star | SFM,2025-03-19,Bullish Engulfing | SFM,2025-03-28,Hammer | SFM,2025-03-31,Bullish Engulfing | SFM,2025-04-09,Piercing Pattern | SFM,2025-04-24,Piercing Pattern | SFM,2025-04-25,Hammer | SFM,2025-05-05,Hammer | SFM,2025-05-15,Bullish Engulfing | SFM,2025-05-23,Piercing Pattern | SFM,2025-05-29,Hammer | SFM,2025-06-06,Hammer | SFM,2025-07-11,Morning Star | SFM,2025-07-24,Morning Star | SFM,2025-08-13,Hammer | SFM,2025-08-15,Morning Star | SFM,2025-09-03,Hammer | SFM,2025-09-23,Hammer
2025-10-17 14:25:57,141 INFO: Analysis CSV written: /home/kalle/projects/rawcandle/analysis/analysis_results_20251017_142557.csv
2025-10-17 15:10:24,480 INFO: start_candles_analysis called
2025-10-17 15:10:24,495 INFO: SFM 2023-07-05 Bullish Engulfing checked - FOUND
2025-10-17 15:10:24,500 INFO: SFM 2023-07-24 Hammer checked - FOUND
2025-10-17 15:10:24,500 INFO: SFM 2023-07-24 Hammer checked - FOUND
2025-10-17 15:10:24,509 INFO: SFM 2023-08-22 Hammer checked - FOUND
2025-10-17 15:10:24,510 INFO: SFM 2023-08-22 Hammer checked - FOUND
2025-10-17 15:10:24,511 INFO: SFM 2023-08-31 Bullish Engulfing checked - FOUND
2025-10-17 15:10:24,514 INFO: SFM 2023-09-08 Bullish Engulfing checked - FOUND
2025-10-17 15:10:24,515 INFO: SFM 2023-09-11 Hammer checked - FOUND
2025-10-17 15:10:24,515 INFO: SFM 2023-09-11 Hammer checked - FOUND
2025-10-17 15:10:24,515 INFO: SFM 2023-09-15 Hammer checked - FOUND
2025-10-17 15:10:24,515 INFO: SFM 2023-09-15 Hammer checked - FOUND
2025-10-17 15:10:24,524 INFO: SFM 2023-10-23 Bullish Engulfing checked - FOUND
2025-10-17 15:10:24,528 INFO: SFM 2023-10-31 Hammer checked - FOUND
2025-10-17 15:10:24,528 INFO: SFM 2023-10-31 Hammer checked - FOUND
2025-10-17 15:10:24,529 INFO: SFM 2023-11-10 Hammer checked - FOUND
2025-10-17 15:10:24,532 INFO: SFM 2023-11-10 Hammer checked - FOUND
2025-10-17 15:10:24,533 INFO: SFM 2023-11-20 Bullish Engulfing checked - FOUND
2025-10-17 15:10:24,538 INFO: SFM 2023-12-06 Bullish Engulfing checked - FOUND
2025-10-17 15:10:24,539 INFO: SFM 2023-12-13 Bullish Engulfing checked - FOUND
2025-10-17 15:10:24,547 INFO: SFM 2024-01-11 Hammer checked - FOUND
2025-10-17 15:10:24,547 INFO: SFM 2024-01-11 Hammer checked - FOUND
2025-10-17 15:10:24,548 INFO: SFM 2024-01-19 Hammer checked - FOUND
2025-10-17 15:10:24,551 INFO: SFM 2024-01-19 Hammer checked - FOUND
2025-10-17 15:10:24,557 INFO: SFM 2024-02-22 Bullish Engulfing checked - FOUND
2025-10-17 15:10:24,561 INFO: SFM 2024-03-08 Hammer checked - FOUND
2025-10-17 15:10:24,562 INFO: SFM 2024-03-08 Hammer checked - FOUND
2025-10-17 15:10:24,565 INFO: SFM 2024-03-15 Bullish Engulfing checked - FOUND
2025-10-17 15:10:24,566 INFO: SFM 2024-03-22 Bullish Engulfing checked - FOUND
2025-10-17 15:10:24,569 INFO: SFM 2024-03-27 Hammer checked - FOUND
2025-10-17 15:10:24,569 INFO: SFM 2024-03-27 Hammer checked - FOUND
2025-10-17 15:10:24,571 INFO: SFM 2024-04-10 Bullish Engulfing checked - FOUND
2025-10-17 15:10:24,571 INFO: SFM 2024-04-11 Hammer checked - FOUND
2025-10-17 15:10:24,571 INFO: SFM 2024-04-11 Hammer checked - FOUND
2025-10-17 15:10:24,586 INFO: SFM 2024-06-10 Hammer checked - FOUND
2025-10-17 15:10:24,587 INFO: SFM 2024-06-10 Hammer checked - FOUND
2025-10-17 15:10:24,602 INFO: SFM 2024-08-09 Hammer checked - FOUND
2025-10-17 15:10:24,603 INFO: SFM 2024-08-09 Hammer checked - FOUND
2025-10-17 15:10:24,608 INFO: SFM 2024-08-29 Bullish Engulfing checked - FOUND
2025-10-17 15:10:24,616 INFO: SFM 2024-10-07 Hammer checked - FOUND
2025-10-17 15:10:24,617 INFO: SFM 2024-10-07 Hammer checked - FOUND
2025-10-17 15:10:24,617 INFO: SFM 2024-10-10 Hammer checked - FOUND
2025-10-17 15:10:24,617 INFO: SFM 2024-10-10 Hammer checked - FOUND
2025-10-17 15:10:24,624 INFO: SFM 2024-10-29 Hammer checked - FOUND
2025-10-17 15:10:24,624 INFO: SFM 2024-10-29 Hammer checked - FOUND
2025-10-17 15:10:24,629 INFO: SFM 2024-11-19 Bullish Engulfing checked - FOUND
2025-10-17 15:10:24,629 INFO: SFM 2024-11-20 Hammer checked - FOUND
2025-10-17 15:10:24,629 INFO: SFM 2024-11-20 Hammer checked - FOUND
2025-10-17 15:10:24,635 INFO: SFM 2024-12-04 Bullish Engulfing checked - FOUND
2025-10-17 15:10:24,641 INFO: SFM 2024-12-24 Bullish Engulfing checked - FOUND
2025-10-17 15:10:24,645 INFO: SFM 2025-01-08 Hammer checked - FOUND
2025-10-17 15:10:24,646 INFO: SFM 2025-01-08 Hammer checked - FOUND
2025-10-17 15:10:24,646 INFO: SFM 2025-01-15 Hammer checked - FOUND
2025-10-17 15:10:24,647 INFO: SFM 2025-01-15 Hammer checked - FOUND
2025-10-17 15:10:24,647 INFO: SFM 2025-01-21 Bullish Engulfing checked - FOUND
2025-10-17 15:10:24,650 INFO: SFM 2025-01-24 Hammer checked - FOUND
2025-10-17 15:10:24,650 INFO: SFM 2025-01-24 Hammer checked - FOUND
2025-10-17 15:10:24,651 INFO: SFM 2025-01-31 Bullish Engulfing checked - FOUND
2025-10-17 15:10:24,654 INFO: SFM 2025-02-12 Bullish Engulfing checked - FOUND
2025-10-17 15:10:24,655 INFO: SFM 2025-02-25 Hammer checked - FOUND
2025-10-17 15:10:24,656 INFO: SFM 2025-02-25 Hammer checked - FOUND
2025-10-17 15:10:24,660 INFO: SFM 2025-03-11 Bullish Engulfing checked - FOUND
2025-10-17 15:10:24,663 INFO: SFM 2025-03-19 Bullish Engulfing checked - FOUND
2025-10-17 15:10:24,664 INFO: SFM 2025-03-28 Hammer checked - FOUND
2025-10-17 15:10:24,664 INFO: SFM 2025-03-28 Hammer checked - FOUND
2025-10-17 15:10:24,664 INFO: SFM 2025-03-31 Bullish Engulfing checked - FOUND
2025-10-17 15:10:24,672 INFO: SFM 2025-04-25 Hammer checked - FOUND
2025-10-17 15:10:24,672 INFO: SFM 2025-04-25 Hammer checked - FOUND
2025-10-17 15:10:24,676 INFO: SFM 2025-05-05 Hammer checked - FOUND
2025-10-17 15:10:24,676 INFO: SFM 2025-05-05 Hammer checked - FOUND
2025-10-17 15:10:24,677 INFO: SFM 2025-05-15 Bullish Engulfing checked - FOUND
2025-10-17 15:10:24,681 INFO: SFM 2025-05-29 Hammer checked - FOUND
2025-10-17 15:10:24,681 INFO: SFM 2025-05-29 Hammer checked - FOUND
2025-10-17 15:10:24,684 INFO: SFM 2025-06-06 Hammer checked - FOUND
2025-10-17 15:10:24,684 INFO: SFM 2025-06-06 Hammer checked - FOUND
2025-10-17 15:10:24,699 INFO: SFM 2025-08-13 Hammer checked - FOUND
2025-10-17 15:10:24,699 INFO: SFM 2025-08-13 Hammer checked - FOUND
2025-10-17 15:10:24,703 INFO: SFM 2025-09-03 Hammer checked - FOUND
2025-10-17 15:10:24,703 INFO: SFM 2025-09-03 Hammer checked - FOUND
2025-10-17 15:10:24,708 INFO: SFM 2025-09-23 Hammer checked - FOUND
2025-10-17 15:10:24,708 INFO: SFM 2025-09-23 Hammer checked - FOUND
2025-10-17 15:10:24,715 INFO: Analyysi valmis: SFM - Analyysitulokset (2025-10-17 15:10:24) — tickerille SFM | Bullish Engulfing: 22 kpl | Hammer: 29 kpl |  | Löydetyt tapahtumat (yhden rivin CSV: ticker,päivä,kuvio): | SFM,2023-07-05,Bullish Engulfing | SFM,2023-07-24,Hammer | SFM,2023-08-22,Hammer | SFM,2023-08-31,Bullish Engulfing | SFM,2023-09-08,Bullish Engulfing | SFM,2023-09-11,Hammer | SFM,2023-09-15,Hammer | SFM,2023-10-23,Bullish Engulfing | SFM,2023-10-31,Hammer | SFM,2023-11-10,Hammer | SFM,2023-11-20,Bullish Engulfing | SFM,2023-12-06,Bullish Engulfing | SFM,2023-12-13,Bullish Engulfing | SFM,2024-01-11,Hammer | SFM,2024-01-19,Hammer | SFM,2024-02-22,Bullish Engulfing | SFM,2024-03-08,Hammer | SFM,2024-03-15,Bullish Engulfing | SFM,2024-03-22,Bullish Engulfing | SFM,2024-03-27,Hammer | SFM,2024-04-10,Bullish Engulfing | SFM,2024-04-11,Hammer | SFM,2024-06-10,Hammer | SFM,2024-08-09,Hammer | SFM,2024-08-29,Bullish Engulfing | SFM,2024-10-07,Hammer | SFM,2024-10-10,Hammer | SFM,2024-10-29,Hammer | SFM,2024-11-19,Bullish Engulfing | SFM,2024-11-20,Hammer | SFM,2024-12-04,Bullish Engulfing | SFM,2024-12-24,Bullish Engulfing | SFM,2025-01-08,Hammer | SFM,2025-01-15,Hammer | SFM,2025-01-21,Bullish Engulfing | SFM,2025-01-24,Hammer | SFM,2025-01-31,Bullish Engulfing | SFM,2025-02-12,Bullish Engulfing | SFM,2025-02-25,Hammer | SFM,2025-03-11,Bullish Engulfing | SFM,2025-03-19,Bullish Engulfing | SFM,2025-03-28,Hammer | SFM,2025-03-31,Bullish Engulfing | SFM,2025-04-25,Hammer | SFM,2025-05-05,Hammer | SFM,2025-05-15,Bullish Engulfing | SFM,2025-05-29,Hammer | SFM,2025-06-06,Hammer | SFM,2025-08-13,Hammer | SFM,2025-09-03,Hammer | SFM,2025-09-23,Hammer
2025-10-17 15:10:24,716 INFO: Analysis CSV written: /home/kalle/projects/rawcandle/analysis/analysis_results_20251017_151024.csv
2025-10-17 15:26:51,256 INFO: start_candles_analysis called
2025-10-17 15:26:51,277 INFO: SFM 2023-07-31 Piercing Pattern checked - FOUND
2025-10-17 15:26:51,300 INFO: SFM 2023-10-09 Piercing Pattern checked - FOUND
2025-10-17 15:26:51,378 INFO: SFM 2024-05-22 Piercing Pattern checked - FOUND
2025-10-17 15:26:51,459 INFO: SFM 2025-01-16 Piercing Pattern checked - FOUND
2025-10-17 15:26:51,469 INFO: SFM 2025-02-19 Piercing Pattern checked - FOUND
2025-10-17 15:26:51,474 INFO: SFM 2025-02-28 Piercing Pattern checked - FOUND
2025-10-17 15:26:51,485 INFO: SFM 2025-04-09 Piercing Pattern checked - FOUND
2025-10-17 15:26:51,491 INFO: SFM 2025-04-24 Piercing Pattern checked - FOUND
2025-10-17 15:26:51,500 INFO: SFM 2025-05-23 Piercing Pattern checked - FOUND
2025-10-17 15:26:51,550 INFO: Analyysi valmis: SFM - Analyysitulokset (2025-10-17 15:26:51) — tickerille SFM | Piercing Pattern: 9 kpl |  | Löydetyt tapahtumat (yhden rivin CSV: ticker,päivä,kuvio): | SFM,2023-07-31,Piercing Pattern | SFM,2023-10-09,Piercing Pattern | SFM,2024-05-22,Piercing Pattern | SFM,2025-01-16,Piercing Pattern | SFM,2025-02-19,Piercing Pattern | SFM,2025-02-28,Piercing Pattern | SFM,2025-04-09,Piercing Pattern | SFM,2025-04-24,Piercing Pattern | SFM,2025-05-23,Piercing Pattern
2025-10-17 15:26:51,551 INFO: Analysis CSV written: /home/kalle/projects/rawcandle/analysis/analysis_results_20251017_152651.csv
2025-10-17 15:27:12,433 INFO: start_candles_analysis called
2025-10-17 15:27:12,454 INFO: SFM 2023-07-31 Piercing Pattern checked - FOUND
2025-10-17 15:27:12,481 INFO: SFM 2023-10-09 Piercing Pattern checked - FOUND
2025-10-17 15:27:12,570 INFO: SFM 2024-05-22 Piercing Pattern checked - FOUND
2025-10-17 15:27:12,663 INFO: SFM 2025-01-16 Piercing Pattern checked - FOUND
2025-10-17 15:27:12,675 INFO: SFM 2025-02-19 Piercing Pattern checked - FOUND
2025-10-17 15:27:12,681 INFO: SFM 2025-02-28 Piercing Pattern checked - FOUND
2025-10-17 15:27:12,695 INFO: SFM 2025-04-09 Piercing Pattern checked - FOUND
2025-10-17 15:27:12,703 INFO: SFM 2025-04-24 Piercing Pattern checked - FOUND
2025-10-17 15:27:12,716 INFO: SFM 2025-05-23 Piercing Pattern checked - FOUND
2025-10-17 15:27:12,765 INFO: Analyysi valmis: SFM - Analyysitulokset (2025-10-17 15:27:12) — tickerille SFM | Piercing Pattern: 9 kpl |  | Löydetyt tapahtumat (yhden rivin CSV: ticker,päivä,kuvio): | SFM,2023-07-31,Piercing Pattern | SFM,2023-10-09,Piercing Pattern | SFM,2024-05-22,Piercing Pattern | SFM,2025-01-16,Piercing Pattern | SFM,2025-02-19,Piercing Pattern | SFM,2025-02-28,Piercing Pattern | SFM,2025-04-09,Piercing Pattern | SFM,2025-04-24,Piercing Pattern | SFM,2025-05-23,Piercing Pattern
2025-10-17 15:27:12,765 INFO: Analysis CSV written: /home/kalle/projects/rawcandle/analysis/analysis_results_20251017_152712.csv
2025-10-17 15:57:04,499 INFO: start_candles_analysis called
2025-10-17 15:57:04,516 INFO: ABNB 2023-07-06 Hammer checked - FOUND
2025-10-17 15:57:04,517 INFO: ABNB 2023-07-06 Hammer checked - FOUND
2025-10-17 15:57:04,519 INFO: ABNB 2023-08-07 Hammer checked - FOUND
2025-10-17 15:57:04,519 INFO: ABNB 2023-08-07 Hammer checked - FOUND
2025-10-17 15:57:04,520 INFO: ABNB 2023-08-08 Hammer checked - FOUND
2025-10-17 15:57:04,520 INFO: ABNB 2023-08-08 Hammer checked - FOUND
2025-10-17 15:57:04,520 INFO: ABNB 2023-08-11 Hammer checked - FOUND
2025-10-17 15:57:04,520 INFO: ABNB 2023-08-11 Hammer checked - FOUND
2025-10-17 15:57:04,521 INFO: ABNB 2023-08-14 Hammer checked - FOUND
2025-10-17 15:57:04,521 INFO: ABNB 2023-08-14 Hammer checked - FOUND
2025-10-17 15:57:04,527 INFO: ABNB 2023-09-25 Bullish Engulfing checked - FOUND
2025-10-17 15:57:04,528 INFO: ABNB 2023-10-05 Hammer checked - FOUND
2025-10-17 15:57:04,528 INFO: ABNB 2023-10-05 Hammer checked - FOUND
2025-10-17 15:57:04,530 INFO: ABNB 2023-10-23 Bullish Engulfing checked - FOUND
2025-10-17 15:57:04,535 INFO: ABNB 2023-12-01 Bullish Engulfing checked - FOUND
2025-10-17 15:57:04,544 INFO: ABNB 2024-02-06 Hammer checked - FOUND
2025-10-17 15:57:04,544 INFO: ABNB 2024-02-06 Hammer checked - FOUND
2025-10-17 15:57:04,547 INFO: ABNB 2024-03-14 Hammer checked - FOUND
2025-10-17 15:57:04,547 INFO: ABNB 2024-03-14 Hammer checked - FOUND
2025-10-17 15:57:04,554 INFO: ABNB 2024-05-02 Hammer checked - FOUND
2025-10-17 15:57:04,554 INFO: ABNB 2024-05-02 Hammer checked - FOUND
2025-10-17 15:57:04,556 INFO: ABNB 2024-05-20 Hammer checked - FOUND
2025-10-17 15:57:04,556 INFO: ABNB 2024-05-20 Hammer checked - FOUND
2025-10-17 15:57:04,560 INFO: ABNB 2024-05-31 Hammer checked - FOUND
2025-10-17 15:57:04,560 INFO: ABNB 2024-05-31 Hammer checked - FOUND
2025-10-17 15:57:04,561 INFO: ABNB 2024-06-14 Hammer checked - FOUND
2025-10-17 15:57:04,561 INFO: ABNB 2024-06-14 Hammer checked - FOUND
2025-10-17 15:57:04,562 INFO: ABNB 2024-07-01 Hammer checked - FOUND
2025-10-17 15:57:04,562 INFO: ABNB 2024-07-01 Hammer checked - FOUND
2025-10-17 15:57:04,562 INFO: ABNB 2024-07-02 Bullish Engulfing checked - FOUND
2025-10-17 15:57:04,563 INFO: ABNB 2024-07-15 Bullish Engulfing checked - FOUND
2025-10-17 15:57:04,564 INFO: ABNB 2024-07-25 Hammer checked - FOUND
2025-10-17 15:57:04,564 INFO: ABNB 2024-07-25 Hammer checked - FOUND
2025-10-17 15:57:04,569 INFO: ABNB 2024-08-15 Hammer checked - FOUND
2025-10-17 15:57:04,570 INFO: ABNB 2024-08-15 Hammer checked - FOUND
2025-10-17 15:57:04,571 INFO: ABNB 2024-08-21 Hammer checked - FOUND
2025-10-17 15:57:04,571 INFO: ABNB 2024-08-21 Hammer checked - FOUND
2025-10-17 15:57:04,573 INFO: ABNB 2024-09-11 Hammer checked - FOUND
2025-10-17 15:57:04,574 INFO: ABNB 2024-09-11 Hammer checked - FOUND
2025-10-17 15:57:04,574 INFO: ABNB 2024-09-16 Hammer checked - FOUND
2025-10-17 15:57:04,574 INFO: ABNB 2024-09-16 Hammer checked - FOUND
2025-10-17 15:57:04,580 INFO: ABNB 2024-10-18 Hammer checked - FOUND
2025-10-17 15:57:04,581 INFO: ABNB 2024-10-18 Hammer checked - FOUND
2025-10-17 15:57:04,581 INFO: ABNB 2024-10-21 Bullish Engulfing checked - FOUND
2025-10-17 15:57:04,583 INFO: ABNB 2024-10-29 Bullish Engulfing checked - FOUND
2025-10-17 15:57:04,591 INFO: ABNB 2024-12-24 Hammer checked - FOUND
2025-10-17 15:57:04,592 INFO: ABNB 2024-12-24 Bullish Engulfing checked - FOUND
2025-10-17 15:57:04,592 INFO: ABNB 2024-12-24 Hammer checked - FOUND
2025-10-17 15:57:04,594 INFO: ABNB 2025-01-23 Bullish Engulfing checked - FOUND
2025-10-17 15:57:04,596 INFO: ABNB 2025-02-05 Hammer checked - FOUND
2025-10-17 15:57:04,596 INFO: ABNB 2025-02-05 Hammer checked - FOUND
2025-10-17 15:57:04,596 INFO: ABNB 2025-02-12 Bullish Engulfing checked - FOUND
2025-10-17 15:57:04,601 INFO: ABNB 2025-03-05 Hammer checked - FOUND
2025-10-17 15:57:04,601 INFO: ABNB 2025-03-05 Hammer checked - FOUND
2025-10-17 15:57:04,601 INFO: ABNB 2025-03-07 Hammer checked - FOUND
2025-10-17 15:57:04,601 INFO: ABNB 2025-03-07 Hammer checked - FOUND
2025-10-17 15:57:04,604 INFO: ABNB 2025-03-31 Hammer checked - FOUND
2025-10-17 15:57:04,604 INFO: ABNB 2025-03-31 Hammer checked - FOUND
2025-10-17 15:57:04,609 INFO: ABNB 2025-04-30 Hammer checked - FOUND
2025-10-17 15:57:04,609 INFO: ABNB 2025-04-30 Hammer checked - FOUND
2025-10-17 15:57:04,613 INFO: ABNB 2025-06-23 Hammer checked - FOUND
2025-10-17 15:57:04,613 INFO: ABNB 2025-06-23 Hammer checked - FOUND
2025-10-17 15:57:04,614 INFO: ABNB 2025-06-27 Hammer checked - FOUND
2025-10-17 15:57:04,614 INFO: ABNB 2025-06-27 Hammer checked - FOUND
2025-10-17 15:57:04,614 INFO: ABNB 2025-07-01 Bullish Engulfing checked - FOUND
2025-10-17 15:57:04,618 INFO: ABNB 2025-07-14 Bullish Engulfing checked - FOUND
2025-10-17 15:57:04,619 INFO: ABNB 2025-07-16 Hammer checked - FOUND
2025-10-17 15:57:04,619 INFO: ABNB 2025-07-16 Hammer checked - FOUND
2025-10-17 15:57:04,620 INFO: ABNB 2025-07-22 Hammer checked - FOUND
2025-10-17 15:57:04,620 INFO: ABNB 2025-07-22 Hammer checked - FOUND
2025-10-17 15:57:04,624 INFO: ABNB 2025-08-28 Hammer checked - FOUND
2025-10-17 15:57:04,624 INFO: ABNB 2025-08-28 Hammer checked - FOUND
2025-10-17 15:57:04,625 INFO: ABNB 2025-09-04 Hammer checked - FOUND
2025-10-17 15:57:04,625 INFO: ABNB 2025-09-04 Hammer checked - FOUND
2025-10-17 15:57:04,634 INFO: SFM 2023-07-05 Bullish Engulfing checked - FOUND
2025-10-17 15:57:04,636 INFO: SFM 2023-07-24 Hammer checked - FOUND
2025-10-17 15:57:04,636 INFO: SFM 2023-07-24 Hammer checked - FOUND
2025-10-17 15:57:04,642 INFO: SFM 2023-08-22 Hammer checked - FOUND
2025-10-17 15:57:04,642 INFO: SFM 2023-08-22 Hammer checked - FOUND
2025-10-17 15:57:04,643 INFO: SFM 2023-08-31 Bullish Engulfing checked - FOUND
2025-10-17 15:57:04,644 INFO: SFM 2023-09-08 Bullish Engulfing checked - FOUND
2025-10-17 15:57:04,644 INFO: SFM 2023-09-11 Hammer checked - FOUND
2025-10-17 15:57:04,644 INFO: SFM 2023-09-11 Hammer checked - FOUND
2025-10-17 15:57:04,645 INFO: SFM 2023-09-15 Hammer checked - FOUND
2025-10-17 15:57:04,645 INFO: SFM 2023-09-15 Hammer checked - FOUND
2025-10-17 15:57:04,650 INFO: SFM 2023-10-23 Bullish Engulfing checked - FOUND
2025-10-17 15:57:04,651 INFO: SFM 2023-10-31 Hammer checked - FOUND
2025-10-17 15:57:04,651 INFO: SFM 2023-10-31 Hammer checked - FOUND
2025-10-17 15:57:04,653 INFO: SFM 2023-11-10 Hammer checked - FOUND
2025-10-17 15:57:04,653 INFO: SFM 2023-11-10 Hammer checked - FOUND
2025-10-17 15:57:04,654 INFO: SFM 2023-11-20 Bullish Engulfing checked - FOUND
2025-10-17 15:57:04,656 INFO: SFM 2023-12-06 Bullish Engulfing checked - FOUND
2025-10-17 15:57:04,656 INFO: SFM 2023-12-13 Bullish Engulfing checked - FOUND
2025-10-17 15:57:04,662 INFO: SFM 2024-01-11 Hammer checked - FOUND
2025-10-17 15:57:04,662 INFO: SFM 2024-01-11 Hammer checked - FOUND
2025-10-17 15:57:04,662 INFO: SFM 2024-01-19 Hammer checked - FOUND
2025-10-17 15:57:04,663 INFO: SFM 2024-01-19 Hammer checked - FOUND
2025-10-17 15:57:04,665 INFO: SFM 2024-02-22 Bullish Engulfing checked - FOUND
2025-10-17 15:57:04,670 INFO: SFM 2024-03-08 Hammer checked - FOUND
2025-10-17 15:57:04,671 INFO: SFM 2024-03-08 Hammer checked - FOUND
2025-10-17 15:57:04,671 INFO: SFM 2024-03-15 Bullish Engulfing checked - FOUND
2025-10-17 15:57:04,673 INFO: SFM 2024-03-22 Bullish Engulfing checked - FOUND
2025-10-17 15:57:04,673 INFO: SFM 2024-03-27 Hammer checked - FOUND
2025-10-17 15:57:04,673 INFO: SFM 2024-03-27 Hammer checked - FOUND
2025-10-17 15:57:04,674 INFO: SFM 2024-04-10 Bullish Engulfing checked - FOUND
2025-10-17 15:57:04,674 INFO: SFM 2024-04-11 Hammer checked - FOUND
2025-10-17 15:57:04,675 INFO: SFM 2024-04-11 Hammer checked - FOUND
2025-10-17 15:57:04,682 INFO: SFM 2024-06-10 Hammer checked - FOUND
2025-10-17 15:57:04,682 INFO: SFM 2024-06-10 Hammer checked - FOUND
2025-10-17 15:57:04,689 INFO: SFM 2024-08-09 Hammer checked - FOUND
2025-10-17 15:57:04,690 INFO: SFM 2024-08-09 Hammer checked - FOUND
2025-10-17 15:57:04,691 INFO: SFM 2024-08-29 Bullish Engulfing checked - FOUND
2025-10-17 15:57:04,697 INFO: SFM 2024-10-07 Hammer checked - FOUND
2025-10-17 15:57:04,697 INFO: SFM 2024-10-07 Hammer checked - FOUND
2025-10-17 15:57:04,697 INFO: SFM 2024-10-10 Hammer checked - FOUND
2025-10-17 15:57:04,697 INFO: SFM 2024-10-10 Hammer checked - FOUND
2025-10-17 15:57:04,699 INFO: SFM 2024-10-29 Hammer checked - FOUND
2025-10-17 15:57:04,699 INFO: SFM 2024-10-29 Hammer checked - FOUND
2025-10-17 15:57:04,703 INFO: SFM 2024-11-19 Bullish Engulfing checked - FOUND
2025-10-17 15:57:04,703 INFO: SFM 2024-11-20 Hammer checked - FOUND
2025-10-17 15:57:04,703 INFO: SFM 2024-11-20 Hammer checked - FOUND
2025-10-17 15:57:04,704 INFO: SFM 2024-12-04 Bullish Engulfing checked - FOUND
2025-10-17 15:57:04,706 INFO: SFM 2024-12-24 Bullish Engulfing checked - FOUND
2025-10-17 15:57:04,707 INFO: SFM 2025-01-08 Hammer checked - FOUND
2025-10-17 15:57:04,707 INFO: SFM 2025-01-08 Hammer checked - FOUND
2025-10-17 15:57:04,707 INFO: SFM 2025-01-15 Hammer checked - FOUND
2025-10-17 15:57:04,707 INFO: SFM 2025-01-15 Hammer checked - FOUND
2025-10-17 15:57:04,708 INFO: SFM 2025-01-21 Bullish Engulfing checked - FOUND
2025-10-17 15:57:04,708 INFO: SFM 2025-01-24 Hammer checked - FOUND
2025-10-17 15:57:04,708 INFO: SFM 2025-01-24 Hammer checked - FOUND
2025-10-17 15:57:04,711 INFO: SFM 2025-01-31 Bullish Engulfing checked - FOUND
2025-10-17 15:57:04,712 INFO: SFM 2025-02-12 Bullish Engulfing checked - FOUND
2025-10-17 15:57:04,713 INFO: SFM 2025-02-25 Hammer checked - FOUND
2025-10-17 15:57:04,714 INFO: SFM 2025-02-25 Hammer checked - FOUND
2025-10-17 15:57:04,715 INFO: SFM 2025-03-11 Bullish Engulfing checked - FOUND
2025-10-17 15:57:04,715 INFO: SFM 2025-03-19 Bullish Engulfing checked - FOUND
2025-10-17 15:57:04,716 INFO: SFM 2025-03-28 Hammer checked - FOUND
2025-10-17 15:57:04,716 INFO: SFM 2025-03-28 Hammer checked - FOUND
2025-10-17 15:57:04,717 INFO: SFM 2025-03-31 Bullish Engulfing checked - FOUND
2025-10-17 15:57:04,722 INFO: SFM 2025-04-25 Hammer checked - FOUND
2025-10-17 15:57:04,723 INFO: SFM 2025-04-25 Hammer checked - FOUND
2025-10-17 15:57:04,724 INFO: SFM 2025-05-05 Hammer checked - FOUND
2025-10-17 15:57:04,724 INFO: SFM 2025-05-05 Hammer checked - FOUND
2025-10-17 15:57:04,725 INFO: SFM 2025-05-15 Bullish Engulfing checked - FOUND
2025-10-17 15:57:04,726 INFO: SFM 2025-05-29 Hammer checked - FOUND
2025-10-17 15:57:04,726 INFO: SFM 2025-05-29 Hammer checked - FOUND
2025-10-17 15:57:04,729 INFO: SFM 2025-06-06 Hammer checked - FOUND
2025-10-17 15:57:04,729 INFO: SFM 2025-06-06 Hammer checked - FOUND
2025-10-17 15:57:04,737 INFO: SFM 2025-08-13 Hammer checked - FOUND
2025-10-17 15:57:04,737 INFO: SFM 2025-08-13 Hammer checked - FOUND
2025-10-17 15:57:04,739 INFO: SFM 2025-09-03 Hammer checked - FOUND
2025-10-17 15:57:04,739 INFO: SFM 2025-09-03 Hammer checked - FOUND
2025-10-17 15:57:04,740 INFO: SFM 2025-09-23 Hammer checked - FOUND
2025-10-17 15:57:04,740 INFO: SFM 2025-09-23 Hammer checked - FOUND
2025-10-17 15:57:04,745 INFO: ^GSPC 2023-07-06 Hammer checked - FOUND
2025-10-17 15:57:04,745 INFO: ^GSPC 2023-07-06 Hammer checked - FOUND
2025-10-17 15:57:04,745 INFO: ^GSPC 2023-07-10 Bullish Engulfing checked - FOUND
2025-10-17 15:57:04,751 INFO: ^GSPC 2023-08-25 Hammer checked - FOUND
2025-10-17 15:57:04,752 INFO: ^GSPC 2023-08-25 Hammer checked - FOUND
2025-10-17 15:57:04,754 INFO: ^GSPC 2023-09-11 Hammer checked - FOUND
2025-10-17 15:57:04,754 INFO: ^GSPC 2023-09-11 Hammer checked - FOUND
2025-10-17 15:57:04,759 INFO: ^GSPC 2023-09-28 Bullish Engulfing checked - FOUND
2025-10-17 15:57:04,760 INFO: ^GSPC 2023-10-06 Bullish Engulfing checked - FOUND
2025-10-17 15:57:04,760 INFO: ^GSPC 2023-10-11 Hammer checked - FOUND
2025-10-17 15:57:04,760 INFO: ^GSPC 2023-10-11 Hammer checked - FOUND
2025-10-17 15:57:04,763 INFO: ^GSPC 2023-11-16 Bullish Engulfing checked - FOUND
2025-10-17 15:57:04,766 INFO: ^GSPC 2023-11-28 Bullish Engulfing checked - FOUND
2025-10-17 15:57:04,767 INFO: ^GSPC 2023-12-04 Hammer checked - FOUND
2025-10-17 15:57:04,767 INFO: ^GSPC 2023-12-04 Hammer checked - FOUND
2025-10-17 15:57:04,770 INFO: ^GSPC 2024-01-11 Hammer checked - FOUND
2025-10-17 15:57:04,771 INFO: ^GSPC 2024-01-11 Hammer checked - FOUND
2025-10-17 15:57:04,772 INFO: ^GSPC 2024-01-25 Hammer checked - FOUND
2025-10-17 15:57:04,772 INFO: ^GSPC 2024-01-25 Hammer checked - FOUND
2025-10-17 15:57:04,776 INFO: ^GSPC 2024-02-06 Hammer checked - FOUND
2025-10-17 15:57:04,776 INFO: ^GSPC 2024-02-06 Hammer checked - FOUND
2025-10-17 15:57:04,776 INFO: ^GSPC 2024-02-08 Hammer checked - FOUND
2025-10-17 15:57:04,776 INFO: ^GSPC 2024-02-08 Hammer checked - FOUND
2025-10-17 15:57:04,777 INFO: ^GSPC 2024-02-13 Hammer checked - FOUND
2025-10-17 15:57:04,777 INFO: ^GSPC 2024-02-13 Hammer checked - FOUND
2025-10-17 15:57:04,778 INFO: ^GSPC 2024-02-27 Hammer checked - FOUND
2025-10-17 15:57:04,778 INFO: ^GSPC 2024-02-27 Hammer checked - FOUND
2025-10-17 15:57:04,778 INFO: ^GSPC 2024-02-29 Hammer checked - FOUND
2025-10-17 15:57:04,778 INFO: ^GSPC 2024-02-29 Hammer checked - FOUND
2025-10-17 15:57:04,780 INFO: ^GSPC 2024-03-19 Bullish Engulfing checked - FOUND
2025-10-17 15:57:04,786 INFO: ^GSPC 2024-05-02 Hammer checked - FOUND
2025-10-17 15:57:04,787 INFO: ^GSPC 2024-05-02 Hammer checked - FOUND
2025-10-17 15:57:04,788 INFO: ^GSPC 2024-05-14 Bullish Engulfing checked - FOUND
2025-10-17 15:57:04,789 INFO: ^GSPC 2024-05-28 Hammer checked - FOUND
2025-10-17 15:57:04,789 INFO: ^GSPC 2024-05-28 Hammer checked - FOUND
2025-10-17 15:57:04,789 INFO: ^GSPC 2024-06-03 Hammer checked - FOUND
2025-10-17 15:57:04,789 INFO: ^GSPC 2024-06-03 Hammer checked - FOUND
2025-10-17 15:57:04,790 INFO: ^GSPC 2024-06-06 Hammer checked - FOUND
2025-10-17 15:57:04,790 INFO: ^GSPC 2024-06-06 Hammer checked - FOUND
2025-10-17 15:57:04,790 INFO: ^GSPC 2024-06-13 Hammer checked - FOUND
2025-10-17 15:57:04,793 INFO: ^GSPC 2024-06-13 Hammer checked - FOUND
2025-10-17 15:57:04,793 INFO: ^GSPC 2024-06-14 Hammer checked - FOUND
2025-10-17 15:57:04,794 INFO: ^GSPC 2024-06-14 Hammer checked - FOUND
2025-10-17 15:57:04,798 INFO: ^GSPC 2024-08-14 Hammer checked - FOUND
2025-10-17 15:57:04,798 INFO: ^GSPC 2024-08-14 Hammer checked - FOUND
2025-10-17 15:57:04,802 INFO: ^GSPC 2024-09-10 Hammer checked - FOUND
2025-10-17 15:57:04,803 INFO: ^GSPC 2024-09-10 Hammer checked - FOUND
2025-10-17 15:57:04,804 INFO: ^GSPC 2024-09-20 Hammer checked - FOUND
2025-10-17 15:57:04,804 INFO: ^GSPC 2024-09-20 Hammer checked - FOUND
2025-10-17 15:57:04,804 INFO: ^GSPC 2024-09-24 Hammer checked - FOUND
2025-10-17 15:57:04,804 INFO: ^GSPC 2024-09-24 Hammer checked - FOUND
2025-10-17 15:57:04,805 INFO: ^GSPC 2024-09-30 Bullish Engulfing checked - FOUND
2025-10-17 15:57:04,805 INFO: ^GSPC 2024-10-02 Hammer checked - FOUND
2025-10-17 15:57:04,805 INFO: ^GSPC 2024-10-02 Hammer checked - FOUND
2025-10-17 15:57:04,805 INFO: ^GSPC 2024-10-04 Hammer checked - FOUND
2025-10-17 15:57:04,805 INFO: ^GSPC 2024-10-04 Hammer checked - FOUND
2025-10-17 15:57:04,811 INFO: ^GSPC 2024-10-24 Hammer checked - FOUND
2025-10-17 15:57:04,812 INFO: ^GSPC 2024-10-24 Hammer checked - FOUND
2025-10-17 15:57:04,817 INFO: ^GSPC 2024-12-20 Bullish Engulfing checked - FOUND
2025-10-17 15:57:04,821 INFO: ^GSPC 2025-01-14 Hammer checked - FOUND
2025-10-17 15:57:04,822 INFO: ^GSPC 2025-01-14 Hammer checked - FOUND
2025-10-17 15:57:04,823 INFO: ^GSPC 2025-02-06 Hammer checked - FOUND
2025-10-17 15:57:04,824 INFO: ^GSPC 2025-02-06 Hammer checked - FOUND
2025-10-17 15:57:04,824 INFO: ^GSPC 2025-02-18 Hammer checked - FOUND
2025-10-17 15:57:04,825 INFO: ^GSPC 2025-02-18 Hammer checked - FOUND
2025-10-17 15:57:04,829 INFO: ^GSPC 2025-03-12 Hammer checked - FOUND
2025-10-17 15:57:04,829 INFO: ^GSPC 2025-03-12 Hammer checked - FOUND
2025-10-17 15:57:04,832 INFO: ^GSPC 2025-04-09 Bullish Engulfing checked - FOUND
2025-10-17 15:57:04,832 INFO: ^GSPC 2025-04-11 Bullish Engulfing checked - FOUND
2025-10-17 15:57:04,834 INFO: ^GSPC 2025-04-29 Bullish Engulfing checked - FOUND
2025-10-17 15:57:04,840 INFO: ^GSPC 2025-05-15 Bullish Engulfing checked - FOUND
2025-10-17 15:57:04,845 INFO: ^GSPC 2025-07-16 Hammer checked - FOUND
2025-10-17 15:57:04,845 INFO: ^GSPC 2025-07-16 Hammer checked - FOUND
2025-10-17 15:57:04,850 INFO: ^GSPC 2025-08-20 Hammer checked - FOUND
2025-10-17 15:57:04,851 INFO: ^GSPC 2025-08-20 Hammer checked - FOUND
2025-10-17 15:57:04,851 INFO: ^GSPC 2025-08-26 Bullish Engulfing checked - FOUND
2025-10-17 15:57:04,852 INFO: ^GSPC 2025-09-02 Hammer checked - FOUND
2025-10-17 15:57:04,852 INFO: ^GSPC 2025-09-02 Hammer checked - FOUND
2025-10-17 15:57:04,853 INFO: ^GSPC 2025-09-09 Hammer checked - FOUND
2025-10-17 15:57:04,853 INFO: ^GSPC 2025-09-09 Hammer checked - FOUND
2025-10-17 15:57:04,862 INFO: ^IXIC 2023-07-06 Hammer checked - FOUND
2025-10-17 15:57:04,862 INFO: ^IXIC 2023-07-06 Hammer checked - FOUND
2025-10-17 15:57:04,863 INFO: ^IXIC 2023-07-10 Bullish Engulfing checked - FOUND
2025-10-17 15:57:04,865 INFO: ^IXIC 2023-08-07 Hammer checked - FOUND
2025-10-17 15:57:04,865 INFO: ^IXIC 2023-08-07 Hammer checked - FOUND
2025-10-17 15:57:04,870 INFO: ^IXIC 2023-09-11 Hammer checked - FOUND
2025-10-17 15:57:04,871 INFO: ^IXIC 2023-09-11 Hammer checked - FOUND
2025-10-17 15:57:04,871 INFO: ^IXIC 2023-09-14 Hammer checked - FOUND
2025-10-17 15:57:04,871 INFO: ^IXIC 2023-09-14 Hammer checked - FOUND
2025-10-17 15:57:04,872 INFO: ^IXIC 2023-09-19 Hammer checked - FOUND
2025-10-17 15:57:04,872 INFO: ^IXIC 2023-09-19 Hammer checked - FOUND
2025-10-17 15:57:04,872 INFO: ^IXIC 2023-09-28 Bullish Engulfing checked - FOUND
2025-10-17 15:57:04,873 INFO: ^IXIC 2023-10-06 Bullish Engulfing checked - FOUND
2025-10-17 15:57:04,880 INFO: ^IXIC 2023-11-30 Hammer checked - FOUND
2025-10-17 15:57:04,880 INFO: ^IXIC 2023-11-30 Hammer checked - FOUND
2025-10-17 15:57:04,880 INFO: ^IXIC 2023-12-01 Bullish Engulfing checked - FOUND
2025-10-17 15:57:04,880 INFO: ^IXIC 2023-12-04 Hammer checked - FOUND
2025-10-17 15:57:04,880 INFO: ^IXIC 2023-12-04 Hammer checked - FOUND
2025-10-17 15:57:04,882 INFO: ^IXIC 2023-12-21 Hammer checked - FOUND
2025-10-17 15:57:04,882 INFO: ^IXIC 2023-12-21 Hammer checked - FOUND
2025-10-17 15:57:04,885 INFO: ^IXIC 2024-01-11 Hammer checked - FOUND
2025-10-17 15:57:04,886 INFO: ^IXIC 2024-01-11 Hammer checked - FOUND
2025-10-17 15:57:04,886 INFO: ^IXIC 2024-01-17 Hammer checked - FOUND
2025-10-17 15:57:04,886 INFO: ^IXIC 2024-01-17 Hammer checked - FOUND
2025-10-17 15:57:04,888 INFO: ^IXIC 2024-02-06 Hammer checked - FOUND
2025-10-17 15:57:04,888 INFO: ^IXIC 2024-02-06 Hammer checked - FOUND
2025-10-17 15:57:04,889 INFO: ^IXIC 2024-02-15 Hammer checked - FOUND
2025-10-17 15:57:04,889 INFO: ^IXIC 2024-02-15 Hammer checked - FOUND
2025-10-17 15:57:04,889 INFO: ^IXIC 2024-02-27 Hammer checked - FOUND
2025-10-17 15:57:04,890 INFO: ^IXIC 2024-02-27 Hammer checked - FOUND
2025-10-17 15:57:04,890 INFO: ^IXIC 2024-02-29 Hammer checked - FOUND
2025-10-17 15:57:04,890 INFO: ^IXIC 2024-02-29 Hammer checked - FOUND
2025-10-17 15:57:04,894 INFO: ^IXIC 2024-03-19 Bullish Engulfing checked - FOUND
2025-10-17 15:57:04,895 INFO: ^IXIC 2024-03-27 Hammer checked - FOUND
2025-10-17 15:57:04,895 INFO: ^IXIC 2024-03-27 Hammer checked - FOUND
2025-10-17 15:57:04,897 INFO: ^IXIC 2024-04-09 Hammer checked - FOUND
2025-10-17 15:57:04,897 INFO: ^IXIC 2024-04-09 Hammer checked - FOUND
2025-10-17 15:57:04,898 INFO: ^IXIC 2024-04-29 Hammer checked - FOUND
2025-10-17 15:57:04,899 INFO: ^IXIC 2024-04-29 Hammer checked - FOUND
2025-10-17 15:57:04,899 INFO: ^IXIC 2024-05-09 Hammer checked - FOUND
2025-10-17 15:57:04,900 INFO: ^IXIC 2024-05-09 Hammer checked - FOUND
2025-10-17 15:57:04,900 INFO: ^IXIC 2024-05-13 Hammer checked - FOUND
2025-10-17 15:57:04,900 INFO: ^IXIC 2024-05-13 Hammer checked - FOUND
2025-10-17 15:57:04,901 INFO: ^IXIC 2024-05-17 Hammer checked - FOUND
2025-10-17 15:57:04,901 INFO: ^IXIC 2024-05-17 Hammer checked - FOUND
2025-10-17 15:57:04,904 INFO: ^IXIC 2024-05-22 Hammer checked - FOUND
2025-10-17 15:57:04,905 INFO: ^IXIC 2024-05-22 Hammer checked - FOUND
2025-10-17 15:57:04,905 INFO: ^IXIC 2024-05-28 Hammer checked - FOUND
2025-10-17 15:57:04,905 INFO: ^IXIC 2024-05-28 Hammer checked - FOUND
2025-10-17 15:57:04,906 INFO: ^IXIC 2024-05-31 Hammer checked - FOUND
2025-10-17 15:57:04,906 INFO: ^IXIC 2024-05-31 Hammer checked - FOUND
2025-10-17 15:57:04,907 INFO: ^IXIC 2024-06-13 Hammer checked - FOUND
2025-10-17 15:57:04,907 INFO: ^IXIC 2024-06-13 Hammer checked - FOUND
2025-10-17 15:57:04,914 INFO: ^IXIC 2024-08-14 Hammer checked - FOUND
2025-10-17 15:57:04,914 INFO: ^IXIC 2024-08-14 Hammer checked - FOUND
2025-10-17 15:57:04,916 INFO: ^IXIC 2024-08-30 Hammer checked - FOUND
2025-10-17 15:57:04,916 INFO: ^IXIC 2024-08-30 Hammer checked - FOUND
2025-10-17 15:57:04,916 INFO: ^IXIC 2024-09-09 Hammer checked - FOUND
2025-10-17 15:57:04,916 INFO: ^IXIC 2024-09-09 Hammer checked - FOUND
2025-10-17 15:57:04,917 INFO: ^IXIC 2024-09-20 Hammer checked - FOUND
2025-10-17 15:57:04,918 INFO: ^IXIC 2024-09-20 Hammer checked - FOUND
2025-10-17 15:57:04,918 INFO: ^IXIC 2024-09-24 Hammer checked - FOUND
2025-10-17 15:57:04,918 INFO: ^IXIC 2024-09-24 Hammer checked - FOUND
2025-10-17 15:57:04,923 INFO: ^IXIC 2024-10-16 Hammer checked - FOUND
2025-10-17 15:57:04,923 INFO: ^IXIC 2024-10-16 Hammer checked - FOUND
2025-10-17 15:57:04,924 INFO: ^IXIC 2024-10-24 Hammer checked - FOUND
2025-10-17 15:57:04,924 INFO: ^IXIC 2024-10-24 Hammer checked - FOUND
2025-10-17 15:57:04,926 INFO: ^IXIC 2024-11-20 Hammer checked - FOUND
2025-10-17 15:57:04,926 INFO: ^IXIC 2024-11-20 Hammer checked - FOUND
2025-10-17 15:57:04,926 INFO: ^IXIC 2024-11-21 Hammer checked - FOUND
2025-10-17 15:57:04,926 INFO: ^IXIC 2024-11-21 Hammer checked - FOUND
2025-10-17 15:57:04,931 INFO: ^IXIC 2024-12-20 Bullish Engulfing checked - FOUND
2025-10-17 15:57:04,933 INFO: ^IXIC 2025-01-29 Hammer checked - FOUND
2025-10-17 15:57:04,933 INFO: ^IXIC 2025-01-29 Hammer checked - FOUND
2025-10-17 15:57:04,938 INFO: ^IXIC 2025-02-18 Hammer checked - FOUND
2025-10-17 15:57:04,938 INFO: ^IXIC 2025-02-18 Hammer checked - FOUND
2025-10-17 15:57:04,938 INFO: ^IXIC 2025-02-20 Hammer checked - FOUND
2025-10-17 15:57:04,938 INFO: ^IXIC 2025-02-20 Hammer checked - FOUND
2025-10-17 15:57:04,942 INFO: ^IXIC 2025-04-11 Bullish Engulfing checked - FOUND
2025-10-17 15:57:04,947 INFO: ^IXIC 2025-04-29 Bullish Engulfing checked - FOUND
2025-10-17 15:57:04,948 INFO: ^IXIC 2025-05-12 Hammer checked - FOUND
2025-10-17 15:57:04,948 INFO: ^IXIC 2025-05-12 Hammer checked - FOUND
2025-10-17 15:57:04,949 INFO: ^IXIC 2025-06-02 Bullish Engulfing checked - FOUND
2025-10-17 15:57:04,954 INFO: ^IXIC 2025-06-27 Hammer checked - FOUND
2025-10-17 15:57:04,955 INFO: ^IXIC 2025-06-27 Hammer checked - FOUND
2025-10-17 15:57:04,955 INFO: ^IXIC 2025-07-02 Bullish Engulfing checked - FOUND
2025-10-17 15:57:04,956 INFO: ^IXIC 2025-07-14 Hammer checked - FOUND
2025-10-17 15:57:04,956 INFO: ^IXIC 2025-07-14 Hammer checked - FOUND
2025-10-17 15:57:04,959 INFO: ^IXIC 2025-08-20 Hammer checked - FOUND
2025-10-17 15:57:04,959 INFO: ^IXIC 2025-08-20 Hammer checked - FOUND
2025-10-17 15:57:04,959 INFO: ^IXIC 2025-08-26 Bullish Engulfing checked - FOUND
2025-10-17 15:57:04,963 INFO: ^IXIC 2025-09-09 Hammer checked - FOUND
2025-10-17 15:57:04,963 INFO: ^IXIC 2025-09-09 Hammer checked - FOUND
2025-10-17 15:57:04,964 INFO: ^IXIC 2025-09-17 Hammer checked - FOUND
2025-10-17 15:57:04,964 INFO: ^IXIC 2025-09-17 Hammer checked - FOUND
2025-10-17 15:57:04,980 INFO: Analyysi valmis: None - Analyysitulokset (2025-10-17 15:57:04) — kaikille tickereille | Hammer: 135 kpl | Bullish Engulfing: 58 kpl |  | Löydetyt tapahtumat (yhden rivin CSV: ticker,päivä,kuvio): | ABNB,2023-07-06,Hammer | ABNB,2023-08-07,Hammer | ABNB,2023-08-08,Hammer | ABNB,2023-08-11,Hammer | ABNB,2023-08-14,Hammer | ABNB,2023-09-25,Bullish Engulfing | ABNB,2023-10-05,Hammer | ABNB,2023-10-23,Bullish Engulfing | ABNB,2023-12-01,Bullish Engulfing | ABNB,2024-02-06,Hammer | ABNB,2024-03-14,Hammer | ABNB,2024-05-02,Hammer | ABNB,2024-05-20,Hammer | ABNB,2024-05-31,Hammer | ABNB,2024-06-14,Hammer | ABNB,2024-07-01,Hammer | ABNB,2024-07-02,Bullish Engulfing | ABNB,2024-07-15,Bullish Engulfing | ABNB,2024-07-25,Hammer | ABNB,2024-08-15,Hammer | ABNB,2024-08-21,Hammer | ABNB,2024-09-11,Hammer | ABNB,2024-09-16,Hammer | ABNB,2024-10-18,Hammer | ABNB,2024-10-21,Bullish Engulfing | ABNB,2024-10-29,Bullish Engulfing | ABNB,2024-12-24,Hammer | ABNB,2025-01-23,Bullish Engulfing | ABNB,2025-02-05,Hammer | ABNB,2025-02-12,Bullish Engulfing | ABNB,2025-03-05,Hammer | ABNB,2025-03-07,Hammer | ABNB,2025-03-31,Hammer | ABNB,2025-04-30,Hammer | ABNB,2025-06-23,Hammer | ABNB,2025-06-27,Hammer | ABNB,2025-07-01,Bullish Engulfing | ABNB,2025-07-14,Bullish Engulfing | ABNB,2025-07-16,Hammer | ABNB,2025-07-22,Hammer | ABNB,2025-08-28,Hammer | ABNB,2025-09-04,Hammer | SFM,2023-07-05,Bullish Engulfing | SFM,2023-07-24,Hammer | SFM,2023-08-22,Hammer | SFM,2023-08-31,Bullish Engulfing | SFM,2023-09-08,Bullish Engulfing | SFM,2023-09-11,Hammer | SFM,2023-09-15,Hammer | SFM,2023-10-23,Bullish Engulfing | SFM,2023-10-31,Hammer | SFM,2023-11-10,Hammer | SFM,2023-11-20,Bullish Engulfing | SFM,2023-12-06,Bullish Engulfing | SFM,2023-12-13,Bullish Engulfing | SFM,2024-01-11,Hammer | SFM,2024-01-19,Hammer | SFM,2024-02-22,Bullish Engulfing | SFM,2024-03-08,Hammer | SFM,2024-03-15,Bullish Engulfing | SFM,2024-03-22,Bullish Engulfing | SFM,2024-03-27,Hammer | SFM,2024-04-10,Bullish Engulfing | SFM,2024-04-11,Hammer | SFM,2024-06-10,Hammer | SFM,2024-08-09,Hammer | SFM,2024-08-29,Bullish Engulfing | SFM,2024-10-07,Hammer | SFM,2024-10-10,Hammer | SFM,2024-10-29,Hammer | SFM,2024-11-19,Bullish Engulfing | SFM,2024-11-20,Hammer | SFM,2024-12-04,Bullish Engulfing | SFM,2024-12-24,Bullish Engulfing | SFM,2025-01-08,Hammer | SFM,2025-01-15,Hammer | SFM,2025-01-21,Bullish Engulfing | SFM,2025-01-24,Hammer | SFM,2025-01-31,Bullish Engulfing | SFM,2025-02-12,Bullish Engulfing | SFM,2025-02-25,Hammer | SFM,2025-03-11,Bullish Engulfing | SFM,2025-03-19,Bullish Engulfing | SFM,2025-03-28,Hammer | SFM,2025-03-31,Bullish Engulfing | SFM,2025-04-25,Hammer | SFM,2025-05-05,Hammer | SFM,2025-05-15,Bullish Engulfing | SFM,2025-05-29,Hammer | SFM,2025-06-06,Hammer | SFM,2025-08-13,Hammer | SFM,2025-09-03,Hammer | SFM,2025-09-23,Hammer | ^GSPC,2023-07-06,Hammer | ^GSPC,2023-07-10,Bullish Engulfing | ^GSPC,2023-08-25,Hammer | ^GSPC,2023-09-11,Hammer | ^GSPC,2023-09-28,Bullish Engulfing | ^GSPC,2023-10-06,Bullish Engulfing | ^GSPC,2023-10-11,Hammer | ^GSPC,2023-11-16,Bullish Engulfing | ^GSPC,2023-11-28,Bullish Engulfing | ^GSPC,2023-12-04,Hammer | ^GSPC,2024-01-11,Hammer | ^GSPC,2024-01-25,Hammer | ^GSPC,2024-02-06,Hammer | ^GSPC,2024-02-08,Hammer | ^GSPC,2024-02-13,Hammer | ^GSPC,2024-02-27,Hammer | ^GSPC,2024-02-29,Hammer | ^GSPC,2024-03-19,Bullish Engulfing | ^GSPC,2024-05-02,Hammer | ^GSPC,2024-05-14,Bullish Engulfing | ^GSPC,2024-05-28,Hammer | ^GSPC,2024-06-03,Hammer | ^GSPC,2024-06-06,Hammer | ^GSPC,2024-06-13,Hammer | ^GSPC,2024-06-14,Hammer | ^GSPC,2024-08-14,Hammer | ^GSPC,2024-09-10,Hammer | ^GSPC,2024-09-20,Hammer | ^GSPC,2024-09-24,Hammer | ^GSPC,2024-09-30,Bullish Engulfing | ^GSPC,2024-10-02,Hammer | ^GSPC,2024-10-04,Hammer | ^GSPC,2024-10-24,Hammer | ^GSPC,2024-12-20,Bullish Engulfing | ^GSPC,2025-01-14,Hammer | ^GSPC,2025-02-06,Hammer | ^GSPC,2025-02-18,Hammer | ^GSPC,2025-03-12,Hammer | ^GSPC,2025-04-09,Bullish Engulfing | ^GSPC,2025-04-11,Bullish Engulfing | ^GSPC,2025-04-29,Bullish Engulfing | ^GSPC,2025-05-15,Bullish Engulfing | ^GSPC,2025-07-16,Hammer | ^GSPC,2025-08-20,Hammer | ^GSPC,2025-08-26,Bullish Engulfing | ^GSPC,2025-09-02,Hammer | ^GSPC,2025-09-09,Hammer | ^IXIC,2023-07-06,Hammer | ^IXIC,2023-07-10,Bullish Engulfing | ^IXIC,2023-08-07,Hammer | ^IXIC,2023-09-11,Hammer | ^IXIC,2023-09-14,Hammer | ^IXIC,2023-09-19,Hammer | ^IXIC,2023-09-28,Bullish Engulfing | ^IXIC,2023-10-06,Bullish Engulfing | ^IXIC,2023-11-30,Hammer | ^IXIC,2023-12-01,Bullish Engulfing | ^IXIC,2023-12-04,Hammer | ^IXIC,2023-12-21,Hammer | ^IXIC,2024-01-11,Hammer | ^IXIC,2024-01-17,Hammer | ^IXIC,2024-02-06,Hammer | ^IXIC,2024-02-15,Hammer | ^IXIC,2024-02-27,Hammer | ^IXIC,2024-02-29,Hammer | ^IXIC,2024-03-19,Bullish Engulfing | ^IXIC,2024-03-27,Hammer | ^IXIC,2024-04-09,Hammer | ^IXIC,2024-04-29,Hammer | ^IXIC,2024-05-09,Hammer | ^IXIC,2024-05-13,Hammer | ^IXIC,2024-05-17,Hammer | ^IXIC,2024-05-22,Hammer | ^IXIC,2024-05-28,Hammer | ^IXIC,2024-05-31,Hammer | ^IXIC,2024-06-13,Hammer | ^IXIC,2024-08-14,Hammer | ^IXIC,2024-08-30,Hammer | ^IXIC,2024-09-09,Hammer | ^IXIC,2024-09-20,Hammer | ^IXIC,2024-09-24,Hammer | ^IXIC,2024-10-16,Hammer | ^IXIC,2024-10-24,Hammer | ^IXIC,2024-11-20,Hammer | ^IXIC,2024-11-21,Hammer | ^IXIC,2024-12-20,Bullish Engulfing | ^IXIC,2025-01-29,Hammer | ^IXIC,2025-02-18,Hammer | ^IXIC,2025-02-20,Hammer | ^IXIC,2025-04-11,Bullish Engulfing | ^IXIC,2025-04-29,Bullish Engulfing | ^IXIC,2025-05-12,Hammer | ^IXIC,2025-06-02,Bullish Engulfing | ^IXIC,2025-06-27,Hammer | ^IXIC,2025-07-02,Bullish Engulfing | ^IXIC,2025-07-14,Hammer | ^IXIC,2025-08-20,Hammer | ^IXIC,2025-08-26,Bullish Engulfing | ^IXIC,2025-09-09,Hammer | ^IXIC,2025-09-17,Hammer
2025-10-17 15:57:04,981 INFO: Analysis CSV written: /home/kalle/projects/rawcandle/analysis/analysis_results_20251017_155704.csv
2025-10-17 16:28:12,181 INFO: ABC,2025-10-15,Hammer
2025-10-17 16:28:12,181 INFO: ABC,2025-10-15,Hammer
2025-10-17 16:28:12,181 INFO: XYZ,2025-10-16,Dragonfly Doji
2025-10-17 16:37:30,628 INFO: start_candles_analysis called
2025-10-17 16:37:30,637 INFO: Analyysi valmis: NMRK - Analyysi 2025-10-17 16:37:30 — Ei yhtään valittua kynttiläkuviota löytynyt tickerille NMRK.
2025-10-17 16:37:30,637 INFO: Analysis CSV written: /home/kalle/projects/rawcandle/analysis/analysis_results_20251017_163730.csv
2025-10-17 16:38:14,202 INFO: start_candles_analysis called
2025-10-17 16:38:14,239 INFO: NMRK 2023-08-01 Hammer checked - FOUND
2025-10-17 16:38:14,240 INFO: NMRK 2023-08-01 Hammer checked - FOUND
2025-10-17 16:38:14,250 INFO: NMRK 2023-08-23 Piercing Pattern checked - FOUND
2025-10-17 16:38:14,257 INFO: NMRK 2023-09-12 Bullish Engulfing checked - FOUND
2025-10-17 16:38:14,276 INFO: NMRK 2023-10-25 Hammer checked - FOUND
2025-10-17 16:38:14,276 INFO: NMRK 2023-10-25 Hammer checked - FOUND
2025-10-17 16:38:14,287 INFO: NMRK 2023-11-17 Hammer checked - FOUND
2025-10-17 16:38:14,287 INFO: NMRK 2023-11-17 Hammer checked - FOUND
2025-10-17 16:38:14,292 INFO: NMRK 2023-12-01 Bullish Engulfing checked - FOUND
2025-10-17 16:38:14,300 INFO: NMRK 2023-12-22 Hammer checked - FOUND
2025-10-17 16:38:14,301 INFO: NMRK 2023-12-22 Hammer checked - FOUND
2025-10-17 16:38:14,309 INFO: NMRK 2024-01-19 Hammer checked - FOUND
2025-10-17 16:38:14,311 INFO: NMRK 2024-01-19 Hammer checked - FOUND
2025-10-17 16:38:14,314 INFO: NMRK 2024-01-29 Bullish Engulfing checked - FOUND
2025-10-17 16:38:14,321 INFO: NMRK 2024-02-07 Hammer checked - FOUND
2025-10-17 16:38:14,322 INFO: NMRK 2024-02-07 Hammer checked - FOUND
2025-10-17 16:38:14,328 INFO: NMRK 2024-02-26 Piercing Pattern checked - FOUND
2025-10-17 16:38:14,330 INFO: NMRK 2024-02-29 Morning Star checked - FOUND
2025-10-17 16:38:14,334 INFO: NMRK 2024-03-07 Morning Star checked - FOUND
2025-10-17 16:38:14,336 INFO: NMRK 2024-03-11 Hammer checked - FOUND
2025-10-17 16:38:14,336 INFO: NMRK 2024-03-11 Hammer checked - FOUND
2025-10-17 16:38:14,337 INFO: NMRK 2024-03-12 Piercing Pattern checked - FOUND
2025-10-17 16:38:14,338 INFO: NMRK 2024-03-14 Bullish Engulfing checked - FOUND
2025-10-17 16:38:14,339 INFO: NMRK 2024-03-19 Bullish Engulfing checked - FOUND
2025-10-17 16:38:14,345 INFO: NMRK 2024-04-03 Bullish Engulfing checked - FOUND
2025-10-17 16:38:14,346 INFO: NMRK 2024-04-05 Piercing Pattern checked - FOUND
2025-10-17 16:38:14,368 INFO: NMRK 2024-05-31 Hammer checked - FOUND
2025-10-17 16:38:14,370 INFO: NMRK 2024-05-31 Hammer checked - FOUND
2025-10-17 16:38:14,373 INFO: NMRK 2024-06-10 Bullish Engulfing checked - FOUND
2025-10-17 16:38:14,384 INFO: NMRK 2024-07-09 Bullish Engulfing checked - FOUND
2025-10-17 16:38:14,392 INFO: NMRK 2024-07-26 Hammer checked - FOUND
2025-10-17 16:38:14,393 INFO: NMRK 2024-07-26 Hammer checked - FOUND
2025-10-17 16:38:14,395 INFO: NMRK 2024-08-02 Hammer checked - FOUND
2025-10-17 16:38:14,395 INFO: NMRK 2024-08-02 Hammer checked - FOUND
2025-10-17 16:38:14,410 INFO: NMRK 2024-09-09 Bullish Engulfing checked - FOUND
2025-10-17 16:38:14,414 INFO: NMRK 2024-09-19 Hammer checked - FOUND
2025-10-17 16:38:14,415 INFO: NMRK 2024-09-19 Hammer checked - FOUND
2025-10-17 16:38:14,438 INFO: NMRK 2024-11-13 Morning Star checked - FOUND
2025-10-17 16:38:14,448 INFO: NMRK 2024-12-11 Morning Star checked - FOUND
2025-10-17 16:38:14,451 INFO: NMRK 2024-12-16 Morning Star checked - FOUND
2025-10-17 16:38:14,454 INFO: NMRK 2024-12-20 Piercing Pattern checked - FOUND
2025-10-17 16:38:14,461 INFO: NMRK 2025-01-13 Hammer checked - FOUND
2025-10-17 16:38:14,462 INFO: NMRK 2025-01-13 Hammer checked - FOUND
2025-10-17 16:38:14,464 INFO: NMRK 2025-01-23 Hammer checked - FOUND
2025-10-17 16:38:14,466 INFO: NMRK 2025-01-23 Hammer checked - FOUND
2025-10-17 16:38:14,469 INFO: NMRK 2025-01-30 Morning Star checked - FOUND
2025-10-17 16:38:14,478 INFO: NMRK 2025-02-25 Morning Star checked - FOUND
2025-10-17 16:38:14,487 INFO: NMRK 2025-03-14 Morning Star checked - FOUND
2025-10-17 16:38:14,494 INFO: NMRK 2025-04-02 Piercing Pattern checked - FOUND
2025-10-17 16:38:14,496 INFO: NMRK 2025-04-09 Piercing Pattern checked - FOUND
2025-10-17 16:38:14,502 INFO: NMRK 2025-04-22 Morning Star checked - FOUND
2025-10-17 16:38:14,503 INFO: NMRK 2025-04-25 Hammer checked - FOUND
2025-10-17 16:38:14,503 INFO: NMRK 2025-04-25 Hammer checked - FOUND
2025-10-17 16:38:14,508 INFO: NMRK 2025-05-06 Hammer checked - FOUND
2025-10-17 16:38:14,508 INFO: NMRK 2025-05-06 Hammer checked - FOUND
2025-10-17 16:38:14,518 INFO: NMRK 2025-06-04 Bullish Engulfing checked - FOUND
2025-10-17 16:38:14,523 INFO: NMRK 2025-06-12 Bullish Engulfing checked - FOUND
2025-10-17 16:38:14,524 INFO: NMRK 2025-06-16 Morning Star checked - FOUND
2025-10-17 16:38:14,529 INFO: NMRK 2025-07-01 Piercing Pattern checked - FOUND
2025-10-17 16:38:14,531 INFO: NMRK 2025-07-09 Dragonfly Doji checked - FOUND
2025-10-17 16:38:14,532 INFO: NMRK 2025-07-09 Morning Star checked - FOUND
2025-10-17 16:38:14,532 INFO: NMRK 2025-07-09 Dragonfly Doji checked - FOUND
2025-10-17 16:38:14,545 INFO: NMRK 2025-07-31 Morning Star checked - FOUND
2025-10-17 16:38:14,547 INFO: NMRK 2025-08-06 Hammer checked - FOUND
2025-10-17 16:38:14,547 INFO: NMRK 2025-08-06 Hammer checked - FOUND
2025-10-17 16:38:14,565 INFO: NMRK 2025-09-23 Bullish Engulfing checked - FOUND
2025-10-17 16:38:14,571 INFO: NMRK,2023-08-01,Hammer
2025-10-17 16:38:14,571 INFO: NMRK,2023-08-23,Piercing Pattern
2025-10-17 16:38:14,571 INFO: NMRK,2023-09-12,Bullish Engulfing
2025-10-17 16:38:14,571 INFO: NMRK,2023-10-25,Hammer
2025-10-17 16:38:14,571 INFO: NMRK,2023-11-17,Hammer
2025-10-17 16:38:14,571 INFO: NMRK,2023-12-01,Bullish Engulfing
2025-10-17 16:38:14,571 INFO: NMRK,2023-12-22,Hammer
2025-10-17 16:38:14,571 INFO: NMRK,2024-01-19,Hammer
2025-10-17 16:38:14,571 INFO: NMRK,2024-01-29,Bullish Engulfing
2025-10-17 16:38:14,571 INFO: NMRK,2024-02-07,Hammer
2025-10-17 16:38:14,571 INFO: NMRK,2024-02-26,Piercing Pattern
2025-10-17 16:38:14,571 INFO: NMRK,2024-02-29,Morning Star
2025-10-17 16:38:14,571 INFO: NMRK,2024-03-07,Morning Star
2025-10-17 16:38:14,571 INFO: NMRK,2024-03-11,Hammer
2025-10-17 16:38:14,571 INFO: NMRK,2024-03-12,Piercing Pattern
2025-10-17 16:38:14,571 INFO: NMRK,2024-03-14,Bullish Engulfing
2025-10-17 16:38:14,571 INFO: NMRK,2024-03-19,Bullish Engulfing
2025-10-17 16:38:14,571 INFO: NMRK,2024-04-03,Bullish Engulfing
2025-10-17 16:38:14,571 INFO: NMRK,2024-04-05,Piercing Pattern
2025-10-17 16:38:14,571 INFO: NMRK,2024-05-31,Hammer
2025-10-17 16:38:14,571 INFO: NMRK,2024-06-10,Bullish Engulfing
2025-10-17 16:38:14,571 INFO: NMRK,2024-07-09,Bullish Engulfing
2025-10-17 16:38:14,571 INFO: NMRK,2024-07-26,Hammer
2025-10-17 16:38:14,571 INFO: NMRK,2024-08-02,Hammer
2025-10-17 16:38:14,571 INFO: NMRK,2024-09-09,Bullish Engulfing
2025-10-17 16:38:14,571 INFO: NMRK,2024-09-19,Hammer
2025-10-17 16:38:14,571 INFO: NMRK,2024-11-13,Morning Star
2025-10-17 16:38:14,571 INFO: NMRK,2024-12-11,Morning Star
2025-10-17 16:38:14,571 INFO: NMRK,2024-12-16,Morning Star
2025-10-17 16:38:14,571 INFO: NMRK,2024-12-20,Piercing Pattern
2025-10-17 16:38:14,571 INFO: NMRK,2025-01-13,Hammer
2025-10-17 16:38:14,571 INFO: NMRK,2025-01-23,Hammer
2025-10-17 16:38:14,571 INFO: NMRK,2025-01-30,Morning Star
2025-10-17 16:38:14,571 INFO: NMRK,2025-02-25,Morning Star
2025-10-17 16:38:14,571 INFO: NMRK,2025-03-14,Morning Star
2025-10-17 16:38:14,571 INFO: NMRK,2025-04-02,Piercing Pattern
2025-10-17 16:38:14,571 INFO: NMRK,2025-04-09,Piercing Pattern
2025-10-17 16:38:14,571 INFO: NMRK,2025-04-22,Morning Star
2025-10-17 16:38:14,571 INFO: NMRK,2025-04-25,Hammer
2025-10-17 16:38:14,571 INFO: NMRK,2025-05-06,Hammer
2025-10-17 16:38:14,571 INFO: NMRK,2025-06-04,Bullish Engulfing
2025-10-17 16:38:14,571 INFO: NMRK,2025-06-12,Bullish Engulfing
2025-10-17 16:38:14,571 INFO: NMRK,2025-06-16,Morning Star
2025-10-17 16:38:14,571 INFO: NMRK,2025-07-01,Piercing Pattern
2025-10-17 16:38:14,571 INFO: NMRK,2025-07-09,Morning Star
2025-10-17 16:38:14,571 INFO: NMRK,2025-07-09,Dragonfly Doji
2025-10-17 16:38:14,571 INFO: NMRK,2025-07-31,Morning Star
2025-10-17 16:38:14,571 INFO: NMRK,2025-08-06,Hammer
2025-10-17 16:38:14,571 INFO: NMRK,2025-09-23,Bullish Engulfing
2025-10-17 16:38:14,583 INFO: Analyysi valmis: NMRK - Analyysitulokset (2025-10-17 16:38:14) — tickerille NMRK | Hammer: 16 kpl | Piercing Pattern: 8 kpl | Bullish Engulfing: 12 kpl | Morning Star: 12 kpl | Dragonfly Doji: 1 kpl |  | Löydetyt tapahtumat (yhden rivin CSV: ticker,päivä,kuvio): | NMRK,2023-08-01,Hammer | NMRK,2023-08-23,Piercing Pattern | NMRK,2023-09-12,Bullish Engulfing | NMRK,2023-10-25,Hammer | NMRK,2023-11-17,Hammer | NMRK,2023-12-01,Bullish Engulfing | NMRK,2023-12-22,Hammer | NMRK,2024-01-19,Hammer | NMRK,2024-01-29,Bullish Engulfing | NMRK,2024-02-07,Hammer | NMRK,2024-02-26,Piercing Pattern | NMRK,2024-02-29,Morning Star | NMRK,2024-03-07,Morning Star | NMRK,2024-03-11,Hammer | NMRK,2024-03-12,Piercing Pattern | NMRK,2024-03-14,Bullish Engulfing | NMRK,2024-03-19,Bullish Engulfing | NMRK,2024-04-03,Bullish Engulfing | NMRK,2024-04-05,Piercing Pattern | NMRK,2024-05-31,Hammer | NMRK,2024-06-10,Bullish Engulfing | NMRK,2024-07-09,Bullish Engulfing | NMRK,2024-07-26,Hammer | NMRK,2024-08-02,Hammer | NMRK,2024-09-09,Bullish Engulfing | NMRK,2024-09-19,Hammer | NMRK,2024-11-13,Morning Star | NMRK,2024-12-11,Morning Star | NMRK,2024-12-16,Morning Star | NMRK,2024-12-20,Piercing Pattern | NMRK,2025-01-13,Hammer | NMRK,2025-01-23,Hammer | NMRK,2025-01-30,Morning Star | NMRK,2025-02-25,Morning Star | NMRK,2025-03-14,Morning Star | NMRK,2025-04-02,Piercing Pattern | NMRK,2025-04-09,Piercing Pattern | NMRK,2025-04-22,Morning Star | NMRK,2025-04-25,Hammer | NMRK,2025-05-06,Hammer | NMRK,2025-06-04,Bullish Engulfing | NMRK,2025-06-12,Bullish Engulfing | NMRK,2025-06-16,Morning Star | NMRK,2025-07-01,Piercing Pattern | NMRK,2025-07-09,Morning Star | NMRK,2025-07-09,Dragonfly Doji | NMRK,2025-07-31,Morning Star | NMRK,2025-08-06,Hammer | NMRK,2025-09-23,Bullish Engulfing
2025-10-17 16:38:14,584 INFO: Analysis CSV written: /home/kalle/projects/rawcandle/analysis/analysis_results_20251017_163814.csv
